<!DOCTYPE html>
<html xmlns="http://www.w3.org/1999/xhtml" xml:lang="en" lang="en">
<head>
    <meta http-equiv="Content-Type" content="text/html; charset=UTF-8"/>

    
    
    <link rel="SHORTCUT ICON" href="../../../../img/clover.ico" />

    <link rel="stylesheet" href="../../../../aui/css/aui.min.css" media="all"/>
    <link rel="stylesheet" href="../../../../aui/css/aui-experimental.min.css" media="all"/>
    <!--[if IE 9]><link rel="stylesheet" href="../../../../aui/css/aui-ie9.min.css" media="all"/><![endif]-->

    <style type="text/css" media="all">
        @import url('../../../../style.css');
        @import url('../../../../tree.css');
        
    </style>

    <script src="../../../../jquery-1.8.3.min.js" type="text/javascript"></script>
    <script src="../../../../aui/js/aui.min.js" type="text/javascript"></script>
    <script src="../../../../aui/js/aui-experimental.min.js" type="text/javascript"></script>
    <script src="../../../../aui/js/aui-soy.min.js" type="text/javascript"></script>

    <script src="../../../../package-nodes-tree.js" type="text/javascript"></script>
    <script src="../../../../clover-tree.js" type="text/javascript"></script>
    <script src="../../../../clover.js" type="text/javascript"></script>
    <script src="../../../../clover-descriptions.js" type="text/javascript"></script>
    <script src="../../../../cloud.js" type="text/javascript"></script>

            <title>ImFootball Coverage Report</title>
    </head>

<body>
    <div id="page">
        
        


<header id="header" role="banner">
    <nav class="aui-header aui-dropdown2-trigger-group" role="navigation">
        <div class="aui-header-inner">
            <div class="aui-header-primary">
                <h1 id="logo" class="aui-header-logo aui-header-logo-clover">
                    <a href="http://www.atlassian.com/clover" title="Open Atlassian Clover home page"><span class="aui-header-logo-device">Clover</span></a>
                </h1>
                            </div>
            <div class="aui-header-secondary">
                <ul class="aui-nav">
                    <li id="system-help-menu">
                        <a class="aui-nav-link" title="Open online Clover documentation" target="_blank"
                           href="https://confluence.atlassian.com/display/CLOVER/Clover+Documentation+Home">
                            <span class="aui-icon aui-icon-small aui-iconfont-help">&#160;Help</span>
                        </a>
                    </li>
                </ul>
            </div>
        </div>
    </nav>
</header>
        
        <div class="aui-page-panel">
            <div class="aui-page-panel-inner">
                <div class="aui-page-panel-nav aui-page-panel-nav-clover">
                    

<div class="aui-page-header-inner" style="margin-bottom: 20px;">
    <div class="aui-page-header-image">
                <div class="aui-avatar aui-avatar-large aui-avatar-project">
            <div class="aui-avatar-inner">
                                    <img src="../../../../img/clover_logo_large.png" alt="Clover icon"/>
                            </div>
        </div>
            </div>
    <div class="aui-page-header-main" >
        <h1>
                                        ImFootball Coverage Report
                                </h1>
    </div>
</div>

<nav class="aui-navgroup aui-navgroup-vertical">
    <div class="aui-navgroup-inner">
                                            <ul class="aui-nav">
                <li class="">
                    <a href="../../../../dashboard.html">Project overview</a>
                </li>
            </ul>
        
                <div class="aui-nav-heading packages-nav-heading">
            <strong>Packages</strong>
        </div>
        <div class="aui-nav project-packages">
            <form method="get" action="#" class="aui package-filter-container">
                <input type="text" autocomplete="off" class="package-filter text"
                       placeholder="Type to filter packages..." name="package-filter" id="package-filter"
                       title="Start typing package name (or part of the name) to search through the tree. Use arrow keys and the Enter key to navigate."/>
            </form>
            <p class="package-filter-no-results-message hidden">
                <small>No results found.</small>
            </p>
                                                <div class="packages-tree-wrapper" data-root-relative="../../../../" data-package-name="ucreate.com.ImFootball.Login">
                <div class="packages-tree-container"></div>
                <div class="clover-packages-lozenges"></div>
            </div>
        </div>
        
            </div>
</nav>                </div>
                <section class="aui-page-panel-content">
                    <div class="aui-page-panel-content-clover">

                    
                    <div class="aui-page-header-main"><ol class="aui-nav aui-nav-breadcrumbs">
    
    <li><a href="../../../../dashboard.html"> Project Clover database Thu May 24 2018 12:26:25 IST</a></li>
     <li><a href="test-pkg-summary.html">Package ucreate.com.ImFootball.Login</a></li>
</ol></div>
    
<h1 class="aui-h2-clover">
            
        Class LoginTest
    </h1>
    <div class="aui-message aui-message-warning">
        <p class="title">
            <strong>Evaluation License</strong>
        </p>
        <p>
            This report was generated with an evaluation server license.  <a href="http://www.atlassian.com/software/clover">Purchase Clover</a> or <a href="http://confluence.atlassian.com/x/JAgQCQ">configure your license.</a>
        </p>
    </div>


 
<div class="aui-tabs horizontal-tabs" id="tabs-file">
    <ul class="tabs-menu">
        <li class="menu-item">
            <a href="LoginTest.html"><strong>Source file</strong></a>
        </li>
        <li class="menu-item active-tab">
            <a href="#tabs-file-test-results"><strong>Test results</strong></a>
        </li>
    </ul>
    <div class="tabs-pane aui-tabs-pane-100-pcnt active-pane" id="tabs-file-test-results">
        <div>&#160;</div>




<table id="testClassSummaryTable" class="aui">
<thead>
    <tr>
        <th width="40%"><label>Class</label></th>
        <th width="10%"><label title="Total number of tests (or test iterations) executed.">Tests</label></th>
        <th width="10%"><label title="Number of failed tests">Fail</label></th>
        <th width="10%"><label title="Number of test errors">Error</label></th>
        <th width="10%">
            <label title="The total time in seconds taken to run this set of tests.">Time (secs)</label>
        </th>
        <th width="20%"><label>% Tests Success</label></th>
    </tr>
</thead>
<tbody>
    <tr>
        <td>LoginTest</td>
        <td class="testPasses"><span class="sortValue">17</span>17</td>
<td class="testFailures"><span class="sortValue">3</span>3</td>
<td class=""><span class="sortValue">0</span>0</td>
        <td>393.275</td>
        <td class="align-middle">
            

<div style="display: table; width: 100%">
            <div class="barGraphValue"><span class="sortValue">0.8235294</span>82.4%</div>         <div style="display: table-cell">
            
            <div title="0% Errors" style="min-width: 40px;" class="testBarError">
                <div title="82.4% of tests passed&lt;br/&gt;17.6% of tests failed" class="testBarFail" style="width: 100%"><div class="testBarPass" style="width: 82.4%"></div></div>
            </div>
        </div>
    </div>        </td>
    </tr>
</tbody>
</table>

<div>&#160;</div>

<table id="testClassTestsTable" class="aui aui-table-sortable">
<thead>
    <tr>
        <th width="40%">
            <label title="Tests (or test iterations) which were executed.">Tests</label>
        </th>
        <th width="10%"><label>Started</label></th>
        <th width="10%"><label>Status</label></th>
        <th width="10%">
            <label title="The total time in seconds taken to run this set of tests.">Time (secs)</label>
        </th>
        <th width="30%"><label>Message</label></th>
    </tr>
</thead>
<tbody>


<tr>
    <td><span class="sortValue">LoginTest.loginInvalidDetails4</span><a href="LoginTest_loginInvalidDetails4_5.html">LoginTest.loginInvalidDetails4</a></td>
    <td style="whitespace:nowrap;"><span class="sortValue">1527145355493</span>24 May 12:32:35</td>
    <td>      <span class="sortValue">3</span><span class="aui-lozenge aui-lozenge-error">FAIL</span>
  </td>
    <td><span class="sortValue">24.742</span>24.742</td>
    <td style="width:50%">
    <span class="sortValue">Returned&#160;value&#160;cannot&#160;be&#160;converted&#160;to&#160;WebElement:&#160;{error=no&#160;such&#160;element,&#160;message=An&#160;element&#160;could&#160;not&#160;be&#160;located&#160;on&#160;the&#160;page&#160;using&#160;the&#160;given&#160;search&#160;parameters.,&#160;stacktrace=NoSuchElementError:&#160;An&#160;element&#160;could&#160;not&#160;be&#160;located&#160;on&#160;the&#160;page&#160;using&#160;the&#160;given&#160;search&#160;parameters.
&#160;&#160;&#160;&#160;at&#160;AndroidDriver.callee$0$0$&#160;(/usr/lib/node_modules/appium/node_modules/appium-android-driver/lib/commands/find.js:69:13)
&#160;&#160;&#160;&#160;at&#160;tryCatch&#160;(/usr/lib/node_modules/appium/node_modules/babel-runtime/regenerator/runtime.js:67:40)
&#160;&#160;&#160;&#160;at&#160;GeneratorFunctionPrototype.invoke&#160;[as&#160;_invoke]&#160;(/usr/lib/node_modules/appium/node_modules/babel-runtime/regenerator/runtime.js:315:22)
&#160;&#160;&#160;&#160;at&#160;GeneratorFunctionPrototype.prototype.(anonymous&#160;function)&#160;[as&#160;throw]&#160;(/usr/lib/node_modules/appium/node_modules/babel-runtime/regenerator/runtime.js:100:21)
&#160;&#160;&#160;&#160;at&#160;GeneratorFunctionPrototype.invoke&#160;(/usr/lib/node_modules/appium/node_modules/babel-runtime/regenerator/runtime.js:136:37)
&#160;&#160;&#160;&#160;at&#160;&lt;anonymous&gt;}
Build&#160;info:&#160;version:&#160;'3.12.0',&#160;revision:&#160;'7c6e0b3',&#160;time:&#160;'2018-05-08T15:15:08.936Z'
System&#160;info:&#160;host:&#160;'hp-All-Series',&#160;ip:&#160;'127.0.1.1',&#160;os.name:&#160;'Linux',&#160;os.arch:&#160;'amd64',&#160;os.version:&#160;'4.2.0-27-generic',&#160;java.version:&#160;'1.8.0_162'
Driver&#160;info:&#160;driver.version:&#160;AndroidDriver</span>
        <span class="expand" id="togglebut1" onclick="toggleNodeExpansion('togglebut1', 'msgc1', 'msge1');return false;">&#160;</span>
        <div class="errorMessage" id="msgc1">Returned&#160;value&#160;cannot&#160;be&#160;converted&#160;to&#160;WebElement:&#160;{error=no&#160;such&#160;element,&#160;message=An&#160;element&#160;could&#160;not&#160;be&#160;located&#160;on&#160;the&#160;page&#160;using&#160;the&#160;given&#160;search&#160;parameters.,&#160;stacktrace=NoSuchElementError:&#160;An&#160;element&#160;could&#160;not&#160;be&#160;located&#160;on&#160;the&#160;page&#160;using&#160;the&#160;given&#160;search&#160;parameters.
&#160;&#160;&#160;&#160;at&#160;AndroidDriver.callee$0$0$&#160;(/usr/lib/node_modules/appium/node_modules/appium-android-driver/lib/commands/find.js:69:13)
&#160;&#160;&#160;&#160;at&#160;tryCatch&#160;(/usr/lib/node_modules/appium/node_modules/babel-runtime/regenerator/runtime.js:67:40)
&#160;&#160;&#160;&#160;at&#160;GeneratorFunctionPrototype.invoke&#160;[as&#160;_invoke]&#160;(/usr/lib/node_modules/appium/node_modules/babel-runtime/regenerator/runtime.js:315:22)
&#160;&#160;&#160;&#160;at&#160;GeneratorFunctionPrototype.prototype.(anonymous&#160;function)&#160;[as&#160;throw]&#160;(/usr/lib/node_modules/appium/node_modules/babel-runtime/regenerator/runtime.js:100:21)
&#160;&#160;&#160;&#160;at&#160;GeneratorFunctionPrototype.invoke&#160;(/usr/lib/node_modules/appium/node_modules/babel-runtime/regenerator/runtime.js:136:37)
&#160;&#160;&#160;&#160;at&#160;&lt;anonymous&gt;}
Build&#160;info:&#160;version:&#160;'3.12.0',&#160;revision:&#160;'7c6e0b3',&#160;time:&#160;'2018-05-08T15:15:08.936Z'
System&#160;info:&#160;host:&#160;'hp-All-Series',&#160;ip:&#160;'127.0.1.1',&#160;os.name:&#160;'Linux',&#160;os.arch:&#160;'amd64',&#160;os.version:&#160;'4.2.0-27-generic',&#160;java.version:&#160;'1.8.0_162'
Driver&#160;info:&#160;driver.version:&#160;AndroidDriver</div>
        <div class="errorMessage" id="msge1" style="display:none;"> <div>org.openqa.selenium.WebDriverException: Returned value cannot be converted to WebElement: {error=no such element, message=An element could not be located on the page using the given search parameters., stacktrace=NoSuchElementError: An element could not be located on the page using the given search parameters.</div><div>    at AndroidDriver.callee$0$0$ (/usr/lib/node_modules/appium/node_modules/appium-android-driver/lib/commands/find.js:69:13)</div><div>    at tryCatch (/usr/lib/node_modules/appium/node_modules/babel-runtime/regenerator/runtime.js:67:40)</div><div>    at GeneratorFunctionPrototype.invoke [as _invoke] (/usr/lib/node_modules/appium/node_modules/babel-runtime/regenerator/runtime.js:315:22)</div><div>    at GeneratorFunctionPrototype.prototype.(anonymous function) [as throw] (/usr/lib/node_modules/appium/node_modules/babel-runtime/regenerator/runtime.js:100:21)</div><div>    at GeneratorFunctionPrototype.invoke (/usr/lib/node_modules/appium/node_modules/babel-runtime/regenerator/runtime.js:136:37)</div><div>    at &lt;anonymous&gt;}</div><div>Build info: version: '3.12.0', revision: '7c6e0b3', time: '2018-05-08T15:15:08.936Z'</div><div>System info: host: 'hp-All-Series', ip: '127.0.1.1', os.name: 'Linux', os.arch: 'amd64', os.version: '4.2.0-27-generic', java.version: '1.8.0_162'</div><div>Driver info: driver.version: AndroidDriver</div><div> at org.openqa.selenium.remote.RemoteWebDriver.findElement(RemoteWebDriver.java:324)</div><div> at io.appium.java_client.DefaultGenericMobileDriver.findElement(DefaultGenericMobileDriver.java:62)</div><div> at io.appium.java_client.AppiumDriver.findElement(AppiumDriver.java:1)</div><div> at io.appium.java_client.android.AndroidDriver.findElement(AndroidDriver.java:1)</div><div> at org.openqa.selenium.remote.RemoteWebDriver.findElementByXPath(RemoteWebDriver.java:419)</div><div> at io.appium.java_client.DefaultGenericMobileDriver.findElementByXPath(DefaultGenericMobileDriver.java:152)</div><div> at io.appium.java_client.AppiumDriver.findElementByXPath(AppiumDriver.java:1)</div><div> at io.appium.java_client.android.AndroidDriver.findElementByXPath(AndroidDriver.java:1)</div><div> at org.openqa.selenium.By$ByXPath.findElement(By.java:353)</div><div> at org.openqa.selenium.remote.RemoteWebDriver.findElement(RemoteWebDriver.java:309)</div><div> at io.appium.java_client.DefaultGenericMobileDriver.findElement(DefaultGenericMobileDriver.java:58)</div><div> at io.appium.java_client.AppiumDriver.findElement(AppiumDriver.java:1)</div><div> at io.appium.java_client.android.AndroidDriver.findElement(AndroidDriver.java:1)</div><div>	at <a href="../../../../ucreate/com/ImFootball/Login/LoginPage.html?line=72#src-72">ucreate.com.ImFootball.Login.LoginPage.getValidationMessageOnPassword(LoginPage.java:72)</a></div><div>	at <a href="../../../../ucreate/com/ImFootball/Login/LoginTest.html?line=93#src-93">ucreate.com.ImFootball.Login.LoginTest.loginInvalidDetails4(LoginTest.java:93)</a></div><div> at org.testng.internal.MethodInvocationHelper.invokeMethod(MethodInvocationHelper.java:124)</div><div> at org.testng.internal.Invoker.invokeMethod(Invoker.java:580)</div><div> at org.testng.internal.Invoker.invokeTestMethod(Invoker.java:716)</div><div> at org.testng.internal.Invoker.invokeTestMethods(Invoker.java:988)</div><div> at org.testng.internal.TestMethodWorker.invokeTestMethods(TestMethodWorker.java:125)</div><div> at org.testng.internal.TestMethodWorker.run(TestMethodWorker.java:109)</div><div> at org.testng.TestRunner.privateRun(TestRunner.java:648)</div><div> at org.testng.TestRunner.run(TestRunner.java:505)</div><div> at org.testng.SuiteRunner.runTest(SuiteRunner.java:455)</div><div> at org.testng.SuiteRunner.runSequentially(SuiteRunner.java:450)</div><div> at org.testng.SuiteRunner.privateRun(SuiteRunner.java:415)</div><div> at org.testng.SuiteRunner.run(SuiteRunner.java:364)</div><div> at org.testng.SuiteRunnerWorker.runSuite(SuiteRunnerWorker.java:52)</div><div> at org.testng.SuiteRunnerWorker.run(SuiteRunnerWorker.java:84)</div><div> at org.testng.TestNG.runSuitesSequentially(TestNG.java:1208)</div><div> at org.testng.TestNG.runSuitesLocally(TestNG.java:1137)</div><div> at org.testng.TestNG.runSuites(TestNG.java:1049)</div><div> at org.testng.TestNG.run(TestNG.java:1017)</div><div> at org.testng.remote.AbstractRemoteTestNG.run(AbstractRemoteTestNG.java:114)</div><div> at org.testng.remote.RemoteTestNG.initAndRun(RemoteTestNG.java:251)</div><div> at org.testng.remote.RemoteTestNG.main(RemoteTestNG.java:77)</div><div>Caused by: java.lang.ClassCastException: com.google.common.collect.Maps$TransformedEntriesMap cannot be cast to org.openqa.selenium.WebElement</div><div> at org.openqa.selenium.remote.RemoteWebDriver.findElement(RemoteWebDriver.java:322)</div><div> ... 40 more</div></div>
        </td>
</tr>
<tr>
    <td><span class="sortValue">LoginTest.loginwithFB</span><a href="LoginTest_loginwithFB_e.html">LoginTest.loginwithFB</a></td>
    <td style="whitespace:nowrap;"><span class="sortValue">1527145580538</span>24 May 12:36:20</td>
    <td>      <span class="sortValue">3</span><span class="aui-lozenge aui-lozenge-error">FAIL</span>
  </td>
    <td><span class="sortValue">81.912</span>81.912</td>
    <td style="width:50%">
    <span class="sortValue">Expected&#160;condition&#160;failed:&#160;waiting&#160;for&#160;presence&#160;of&#160;element&#160;located&#160;by:&#160;By.xpath:&#160;//android.widget.Button[@resource-id='u_0_1']&#160;(tried&#160;for&#160;30&#160;second(s)&#160;with&#160;500&#160;milliseconds&#160;interval)</span>
        <span class="expand" id="togglebut2" onclick="toggleNodeExpansion('togglebut2', 'msgc2', 'msge2');return false;">&#160;</span>
        <div class="errorMessage" id="msgc2">Expected&#160;condition&#160;failed:&#160;waiting&#160;for&#160;presence&#160;of&#160;element&#160;located&#160;by:&#160;By.xpath:&#160;//android.widget.Button[@resource-id='u_0_1']&#160;(tried&#160;for&#160;30&#160;second(s)&#160;with&#160;500&#160;milliseconds&#160;interval)</div>
        <div class="errorMessage" id="msge2" style="display:none;"> <div>org.openqa.selenium.TimeoutException: Expected condition failed: waiting for presence of element located by: By.xpath: //android.widget.Button[@resource-id='u_0_1'] (tried for 30 second(s) with 500 milliseconds interval)</div><div> at org.openqa.selenium.support.ui.WebDriverWait.timeoutException(WebDriverWait.java:81)</div><div> at org.openqa.selenium.support.ui.FluentWait.until(FluentWait.java:271)</div><div>	at <a href="../../../../ucreate/com/ImFootball/Login/LoginPage.html?line=86#src-86">ucreate.com.ImFootball.Login.LoginPage.AddcredentialsInFB(LoginPage.java:86)</a></div><div>	at <a href="../../../../ucreate/com/ImFootball/Login/LoginTest.html?line=260#src-260">ucreate.com.ImFootball.Login.LoginTest.loginwithFB(LoginTest.java:260)</a></div><div> at org.testng.internal.MethodInvocationHelper.invokeMethod(MethodInvocationHelper.java:124)</div><div> at org.testng.internal.Invoker.invokeMethod(Invoker.java:580)</div><div> at org.testng.internal.Invoker.invokeTestMethod(Invoker.java:716)</div><div> at org.testng.internal.Invoker.invokeTestMethods(Invoker.java:988)</div><div> at org.testng.internal.TestMethodWorker.invokeTestMethods(TestMethodWorker.java:125)</div><div> at org.testng.internal.TestMethodWorker.run(TestMethodWorker.java:109)</div><div> at org.testng.TestRunner.privateRun(TestRunner.java:648)</div><div> at org.testng.TestRunner.run(TestRunner.java:505)</div><div> at org.testng.SuiteRunner.runTest(SuiteRunner.java:455)</div><div> at org.testng.SuiteRunner.runSequentially(SuiteRunner.java:450)</div><div> at org.testng.SuiteRunner.privateRun(SuiteRunner.java:415)</div><div> at org.testng.SuiteRunner.run(SuiteRunner.java:364)</div><div> at org.testng.SuiteRunnerWorker.runSuite(SuiteRunnerWorker.java:52)</div><div> at org.testng.SuiteRunnerWorker.run(SuiteRunnerWorker.java:84)</div><div> at org.testng.TestNG.runSuitesSequentially(TestNG.java:1208)</div><div> at org.testng.TestNG.runSuitesLocally(TestNG.java:1137)</div><div> at org.testng.TestNG.runSuites(TestNG.java:1049)</div><div> at org.testng.TestNG.run(TestNG.java:1017)</div><div> at org.testng.remote.AbstractRemoteTestNG.run(AbstractRemoteTestNG.java:114)</div><div> at org.testng.remote.RemoteTestNG.initAndRun(RemoteTestNG.java:251)</div><div> at org.testng.remote.RemoteTestNG.main(RemoteTestNG.java:77)</div><div>Caused by: org.openqa.selenium.NoSuchElementException: Cannot locate an element using By.xpath: //android.widget.Button[@resource-id='u_0_1']</div><div>For documentation on this error, please visit: http://seleniumhq.org/exceptions/no_such_element.html</div><div>Build info: version: '3.12.0', revision: '7c6e0b3', time: '2018-05-08T15:15:08.936Z'</div><div>System info: host: 'hp-All-Series', ip: '127.0.1.1', os.name: 'Linux', os.arch: 'amd64', os.version: '4.2.0-27-generic', java.version: '1.8.0_162'</div><div>Driver info: driver.version: unknown</div><div> at org.openqa.selenium.support.ui.ExpectedConditions.lambda$findElement$0(ExpectedConditions.java:896)</div><div> at java.util.Optional.orElseThrow(Optional.java:290)</div><div> at org.openqa.selenium.support.ui.ExpectedConditions.findElement(ExpectedConditions.java:895)</div><div> at org.openqa.selenium.support.ui.ExpectedConditions.access$000(ExpectedConditions.java:44)</div><div> at org.openqa.selenium.support.ui.ExpectedConditions$6.apply(ExpectedConditions.java:183)</div><div> at org.openqa.selenium.support.ui.ExpectedConditions$6.apply(ExpectedConditions.java:180)</div><div> at org.openqa.selenium.support.ui.FluentWait.until(FluentWait.java:248)</div><div> ... 28 more</div></div>
        </td>
</tr>
<tr>
    <td><span class="sortValue">LoginTest.createAnAccount</span><a href="LoginTest_createAnAccount_8.html">LoginTest.createAnAccount</a></td>
    <td style="whitespace:nowrap;"><span class="sortValue">1527145662454</span>24 May 12:37:42</td>
    <td>      <span class="sortValue">3</span><span class="aui-lozenge aui-lozenge-error">FAIL</span>
  </td>
    <td><span class="sortValue">24.153</span>24.153</td>
    <td style="width:50%">
    <span class="sortValue">Expected&#160;condition&#160;failed:&#160;waiting&#160;for&#160;element&#160;to&#160;be&#160;clickable:&#160;By.xpath:&#160;//android.widget.Button[@resource-id='com.imfootball:id/btnLogin']&#160;(tried&#160;for&#160;24&#160;second(s)&#160;with&#160;500&#160;milliseconds&#160;interval)</span>
        <span class="expand" id="togglebut3" onclick="toggleNodeExpansion('togglebut3', 'msgc3', 'msge3');return false;">&#160;</span>
        <div class="errorMessage" id="msgc3">Expected&#160;condition&#160;failed:&#160;waiting&#160;for&#160;element&#160;to&#160;be&#160;clickable:&#160;By.xpath:&#160;//android.widget.Button[@resource-id='com.imfootball:id/btnLogin']&#160;(tried&#160;for&#160;24&#160;second(s)&#160;with&#160;500&#160;milliseconds&#160;interval)</div>
        <div class="errorMessage" id="msge3" style="display:none;"> <div>org.openqa.selenium.TimeoutException: Expected condition failed: waiting for element to be clickable: By.xpath: //android.widget.Button[@resource-id='com.imfootball:id/btnLogin'] (tried for 24 second(s) with 500 milliseconds interval)</div><div> at org.openqa.selenium.support.ui.WebDriverWait.timeoutException(WebDriverWait.java:81)</div><div> at org.openqa.selenium.support.ui.FluentWait.until(FluentWait.java:271)</div><div>	at <a href="../../../../ucreate/com/ImFootball/Utilities/CommonMethods.html?line=21#src-21">ucreate.com.ImFootball.Utilities.CommonMethods.elementToBeClickableWait(CommonMethods.java:21)</a></div><div>	at <a href="../../../../ucreate/com/ImFootball/Home/HomePage.html?line=25#src-25">ucreate.com.ImFootball.Home.HomePage.clickOnLoginButton(HomePage.java:25)</a></div><div>	at <a href="../../../../ucreate/com/ImFootball/Login/LoginTest.html?line=269#src-269">ucreate.com.ImFootball.Login.LoginTest.createAnAccount(LoginTest.java:269)</a></div><div> at org.testng.internal.MethodInvocationHelper.invokeMethod(MethodInvocationHelper.java:124)</div><div> at org.testng.internal.Invoker.invokeMethod(Invoker.java:580)</div><div> at org.testng.internal.Invoker.invokeTestMethod(Invoker.java:716)</div><div> at org.testng.internal.Invoker.invokeTestMethods(Invoker.java:988)</div><div> at org.testng.internal.TestMethodWorker.invokeTestMethods(TestMethodWorker.java:125)</div><div> at org.testng.internal.TestMethodWorker.run(TestMethodWorker.java:109)</div><div> at org.testng.TestRunner.privateRun(TestRunner.java:648)</div><div> at org.testng.TestRunner.run(TestRunner.java:505)</div><div> at org.testng.SuiteRunner.runTest(SuiteRunner.java:455)</div><div> at org.testng.SuiteRunner.runSequentially(SuiteRunner.java:450)</div><div> at org.testng.SuiteRunner.privateRun(SuiteRunner.java:415)</div><div> at org.testng.SuiteRunner.run(SuiteRunner.java:364)</div><div> at org.testng.SuiteRunnerWorker.runSuite(SuiteRunnerWorker.java:52)</div><div> at org.testng.SuiteRunnerWorker.run(SuiteRunnerWorker.java:84)</div><div> at org.testng.TestNG.runSuitesSequentially(TestNG.java:1208)</div><div> at org.testng.TestNG.runSuitesLocally(TestNG.java:1137)</div><div> at org.testng.TestNG.runSuites(TestNG.java:1049)</div><div> at org.testng.TestNG.run(TestNG.java:1017)</div><div> at org.testng.remote.AbstractRemoteTestNG.run(AbstractRemoteTestNG.java:114)</div><div> at org.testng.remote.RemoteTestNG.initAndRun(RemoteTestNG.java:251)</div><div> at org.testng.remote.RemoteTestNG.main(RemoteTestNG.java:77)</div><div>Caused by: org.openqa.selenium.NoSuchElementException: Cannot locate an element using By.xpath: //android.widget.Button[@resource-id='com.imfootball:id/btnLogin']</div><div>For documentation on this error, please visit: http://seleniumhq.org/exceptions/no_such_element.html</div><div>Build info: version: '3.12.0', revision: '7c6e0b3', time: '2018-05-08T15:15:08.936Z'</div><div>System info: host: 'hp-All-Series', ip: '127.0.1.1', os.name: 'Linux', os.arch: 'amd64', os.version: '4.2.0-27-generic', java.version: '1.8.0_162'</div><div>Driver info: driver.version: unknown</div><div> at org.openqa.selenium.support.ui.ExpectedConditions.lambda$findElement$0(ExpectedConditions.java:896)</div><div> at java.util.Optional.orElseThrow(Optional.java:290)</div><div> at org.openqa.selenium.support.ui.ExpectedConditions.findElement(ExpectedConditions.java:895)</div><div> at org.openqa.selenium.support.ui.ExpectedConditions.access$000(ExpectedConditions.java:44)</div><div> at org.openqa.selenium.support.ui.ExpectedConditions$7.apply(ExpectedConditions.java:206)</div><div> at org.openqa.selenium.support.ui.ExpectedConditions$7.apply(ExpectedConditions.java:202)</div><div> at org.openqa.selenium.support.ui.ExpectedConditions$22.apply(ExpectedConditions.java:657)</div><div> at org.openqa.selenium.support.ui.ExpectedConditions$22.apply(ExpectedConditions.java:654)</div><div> at org.openqa.selenium.support.ui.FluentWait.until(FluentWait.java:248)</div><div> ... 29 more</div></div>
        </td>
</tr>
<tr>
    <td><span class="sortValue">LoginTest.clickOnLoginButton</span><a href="LoginTest_clickOnLoginButton_1.html">LoginTest.clickOnLoginButton</a></td>
    <td style="whitespace:nowrap;"><span class="sortValue">1527145293279</span>24 May 12:31:33</td>
    <td>      <span class="sortValue">1</span><span class="aui-lozenge aui-lozenge-success">PASS</span>
  </td>
    <td><span class="sortValue">3.26</span>3.26</td>
    <td style="width:50%">
     &#160;     </td>
</tr>
<tr>
    <td><span class="sortValue">LoginTest.tabOnLoginwithFacebook</span><a href="LoginTest_tabOnLoginwithFacebook_a.html">LoginTest.tabOnLoginwithFacebook</a></td>
    <td style="whitespace:nowrap;"><span class="sortValue">1527145577217</span>24 May 12:36:17</td>
    <td>      <span class="sortValue">1</span><span class="aui-lozenge aui-lozenge-success">PASS</span>
  </td>
    <td><span class="sortValue">3.32</span>3.32</td>
    <td style="width:50%">
     &#160;     </td>
</tr>
<tr>
    <td><span class="sortValue">LoginTest.loginInvalidDetails8</span><a href="LoginTest_loginInvalidDetails8_7.html">LoginTest.loginInvalidDetails8</a></td>
    <td style="whitespace:nowrap;"><span class="sortValue">1527145443531</span>24 May 12:34:03</td>
    <td>      <span class="sortValue">1</span><span class="aui-lozenge aui-lozenge-success">PASS</span>
  </td>
    <td><span class="sortValue">19.78</span>19.78</td>
    <td style="width:50%">
     &#160;     </td>
</tr>
<tr>
    <td><span class="sortValue">LoginTest.loginInvalidDetails7</span><a href="LoginTest_loginInvalidDetails7_f.html">LoginTest.loginInvalidDetails7</a></td>
    <td style="whitespace:nowrap;"><span class="sortValue">1527145423355</span>24 May 12:33:43</td>
    <td>      <span class="sortValue">1</span><span class="aui-lozenge aui-lozenge-success">PASS</span>
  </td>
    <td><span class="sortValue">20.174</span>20.174</td>
    <td style="width:50%">
     &#160;     </td>
</tr>
<tr>
    <td><span class="sortValue">LoginTest.loginInvalidDetails10</span><a href="LoginTest_loginInvalidDetails10_g.html">LoginTest.loginInvalidDetails10</a></td>
    <td style="whitespace:nowrap;"><span class="sortValue">1527145483303</span>24 May 12:34:43</td>
    <td>      <span class="sortValue">1</span><span class="aui-lozenge aui-lozenge-success">PASS</span>
  </td>
    <td><span class="sortValue">19.931</span>19.931</td>
    <td style="width:50%">
     &#160;     </td>
</tr>
<tr>
    <td><span class="sortValue">LoginTest.loginInvalidDetails2</span><a href="LoginTest_loginInvalidDetails2_0.html">LoginTest.loginInvalidDetails2</a></td>
    <td style="whitespace:nowrap;"><span class="sortValue">1527145309244</span>24 May 12:31:49</td>
    <td>      <span class="sortValue">1</span><span class="aui-lozenge aui-lozenge-success">PASS</span>
  </td>
    <td><span class="sortValue">23.073</span>23.073</td>
    <td style="width:50%">
     &#160;     </td>
</tr>
<tr>
    <td><span class="sortValue">LoginTest.loginInvalidDetails11</span><a href="LoginTest_loginInvalidDetails11_b.html">LoginTest.loginInvalidDetails11</a></td>
    <td style="whitespace:nowrap;"><span class="sortValue">1527145503236</span>24 May 12:35:03</td>
    <td>      <span class="sortValue">1</span><span class="aui-lozenge aui-lozenge-success">PASS</span>
  </td>
    <td><span class="sortValue">19.672</span>19.672</td>
    <td style="width:50%">
     &#160;     </td>
</tr>
<tr>
    <td><span class="sortValue">LoginTest.loginInvalidDeatils1</span><a href="LoginTest_loginInvalidDeatils1_6.html">LoginTest.loginInvalidDeatils1</a></td>
    <td style="whitespace:nowrap;"><span class="sortValue">1527145296542</span>24 May 12:31:36</td>
    <td>      <span class="sortValue">1</span><span class="aui-lozenge aui-lozenge-success">PASS</span>
  </td>
    <td><span class="sortValue">12.692</span>12.692</td>
    <td style="width:50%">
     &#160;     </td>
</tr>
<tr>
    <td><span class="sortValue">LoginTest.Signout</span><a href="LoginTest_Signout_3.html">LoginTest.Signout</a></td>
    <td style="whitespace:nowrap;"><span class="sortValue">1527145570271</span>24 May 12:36:10</td>
    <td>      <span class="sortValue">1</span><span class="aui-lozenge aui-lozenge-success">PASS</span>
  </td>
    <td><span class="sortValue">6.944</span>6.944</td>
    <td style="width:50%">
     &#160;     </td>
</tr>
<tr>
    <td><span class="sortValue">LoginTest.loginInvalidDetails6</span><a href="LoginTest_loginInvalidDetails6_2.html">LoginTest.loginInvalidDetails6</a></td>
    <td style="whitespace:nowrap;"><span class="sortValue">1527145400208</span>24 May 12:33:20</td>
    <td>      <span class="sortValue">1</span><span class="aui-lozenge aui-lozenge-success">PASS</span>
  </td>
    <td><span class="sortValue">23.145</span>23.145</td>
    <td style="width:50%">
     &#160;     </td>
</tr>
<tr>
    <td><span class="sortValue">LoginTest.loginInvalidDetails3</span><a href="LoginTest_loginInvalidDetails3_c.html">LoginTest.loginInvalidDetails3</a></td>
    <td style="whitespace:nowrap;"><span class="sortValue">1527145332319</span>24 May 12:32:12</td>
    <td>      <span class="sortValue">1</span><span class="aui-lozenge aui-lozenge-success">PASS</span>
  </td>
    <td><span class="sortValue">23.172</span>23.172</td>
    <td style="width:50%">
     &#160;     </td>
</tr>
<tr>
    <td><span class="sortValue">LoginTest.loginInvalidDetails5</span><a href="LoginTest_loginInvalidDetails5_4.html">LoginTest.loginInvalidDetails5</a></td>
    <td style="whitespace:nowrap;"><span class="sortValue">1527145380244</span>24 May 12:33:00</td>
    <td>      <span class="sortValue">1</span><span class="aui-lozenge aui-lozenge-success">PASS</span>
  </td>
    <td><span class="sortValue">19.96</span>19.96</td>
    <td style="width:50%">
     &#160;     </td>
</tr>
<tr>
    <td><span class="sortValue">LoginTest.loginValidDetails</span><a href="LoginTest_loginValidDetails_9.html">LoginTest.loginValidDetails</a></td>
    <td style="whitespace:nowrap;"><span class="sortValue">1527145522910</span>24 May 12:35:22</td>
    <td>      <span class="sortValue">1</span><span class="aui-lozenge aui-lozenge-success">PASS</span>
  </td>
    <td><span class="sortValue">47.359</span>47.359</td>
    <td style="width:50%">
     &#160;     </td>
</tr>
<tr>
    <td><span class="sortValue">LoginTest.loginInvalidDetails9</span><a href="LoginTest_loginInvalidDetails9_d.html">LoginTest.loginInvalidDetails9</a></td>
    <td style="whitespace:nowrap;"><span class="sortValue">1527145463313</span>24 May 12:34:23</td>
    <td>      <span class="sortValue">1</span><span class="aui-lozenge aui-lozenge-success">PASS</span>
  </td>
    <td><span class="sortValue">19.986</span>19.986</td>
    <td style="width:50%">
     &#160;     </td>
</tr>

    </tbody>
</table>

    </div> <!-- tabs-pane -->
</div> <!-- aui-tabs horizontal-tabs -->

                        </div> <!-- class="aui-page-panel-content-clover" -->
                    <footer id="footer" role="contentinfo">
    <section class="footer-body">
        <ul>
            <li>
                Report generated by <a target="_new" href="http://www.atlassian.com/software/clover">Atlassian Clover</a> v 4.1.2
                on Thu May 24 2018 12:40:58 IST using coverage data from Thu May 24 2018 12:38:06 IST.
            </li>
        </ul>
        <ul>
            <li>Clover Evaluation License registered to Clover Plugin. You have 29 day(s) before your license expires.</li>
        </ul>
        <div id="footer-logo">
            <a target="_blank" href="http://www.atlassian.com/">
                Atlassian
            </a>
        </div>
    </section>
</footer>                </section> <!-- class="aui-page-panel-content" -->
            </div> <!-- class="aui-page-panel-inner" -->
        </div> <!-- class="aui-page-panel" -->
    </div> <!-- id="page" -->
</body>
</html>