<?xml version="1.0" encoding="UTF-8"?>
<!-- Generated by org.testng.reporters.JUnitXMLReporter -->
<testsuite hostname="hp-All-Series" ignored="0" name="aboutpage of cgsm" tests="17" failures="3" timestamp="24 May 2018 07:08:06 GMT" time="401.863" errors="0">
  <testcase name="clickOnLoginButton" time="3.268" classname="ucreate.com.ImFootball.Login.LoginTest"/>
  <testcase name="loginInvalidDeatils1" time="12.694" classname="ucreate.com.ImFootball.Login.LoginTest"/>
  <testcase name="loginInvalidDetails2" time="23.078" classname="ucreate.com.ImFootball.Login.LoginTest"/>
  <testcase name="loginInvalidDetails3" time="23.173" classname="ucreate.com.ImFootball.Login.LoginTest"/>
  <testcase name="loginInvalidDetails4" time="24.745" classname="ucreate.com.ImFootball.Login.LoginTest">
    <failure type="org.openqa.selenium.WebDriverException" message="Returned value cannot be converted to WebElement: {error=no such element, message=An element could not be located on the page using the given search parameters., stacktrace=NoSuchElementError: An element could not be located on the page using the given search parameters.
    at AndroidDriver.callee$0$0$ (/usr/lib/node_modules/appium/node_modules/appium-android-driver/lib/commands/find.js:69:13)
    at tryCatch (/usr/lib/node_modules/appium/node_modules/babel-runtime/regenerator/runtime.js:67:40)
    at GeneratorFunctionPrototype.invoke [as _invoke] (/usr/lib/node_modules/appium/node_modules/babel-runtime/regenerator/runtime.js:315:22)
    at GeneratorFunctionPrototype.prototype.(anonymous function) [as throw] (/usr/lib/node_modules/appium/node_modules/babel-runtime/regenerator/runtime.js:100:21)
    at GeneratorFunctionPrototype.invoke (/usr/lib/node_modules/appium/node_modules/babel-runtime/regenerator/runtime.js:136:37)
    at &amp;lt;anonymous&amp;gt;}
Build info: version: &amp;apos;3.12.0&amp;apos;, revision: &amp;apos;7c6e0b3&amp;apos;, time: &amp;apos;2018-05-08T15:15:08.936Z&amp;apos;
System info: host: &amp;apos;hp-All-Series&amp;apos;, ip: &amp;apos;127.0.1.1&amp;apos;, os.name: &amp;apos;Linux&amp;apos;, os.arch: &amp;apos;amd64&amp;apos;, os.version: &amp;apos;4.2.0-27-generic&amp;apos;, java.version: &amp;apos;1.8.0_162&amp;apos;
Driver info: driver.version: AndroidDriver">
      <![CDATA[org.openqa.selenium.WebDriverException: Returned value cannot be converted to WebElement: {error=no such element, message=An element could not be located on the page using the given search parameters., stacktrace=NoSuchElementError: An element could not be located on the page using the given search parameters.
    at AndroidDriver.callee$0$0$ (/usr/lib/node_modules/appium/node_modules/appium-android-driver/lib/commands/find.js:69:13)
    at tryCatch (/usr/lib/node_modules/appium/node_modules/babel-runtime/regenerator/runtime.js:67:40)
    at GeneratorFunctionPrototype.invoke [as _invoke] (/usr/lib/node_modules/appium/node_modules/babel-runtime/regenerator/runtime.js:315:22)
    at GeneratorFunctionPrototype.prototype.(anonymous function) [as throw] (/usr/lib/node_modules/appium/node_modules/babel-runtime/regenerator/runtime.js:100:21)
    at GeneratorFunctionPrototype.invoke (/usr/lib/node_modules/appium/node_modules/babel-runtime/regenerator/runtime.js:136:37)
    at <anonymous>}
Build info: version: '3.12.0', revision: '7c6e0b3', time: '2018-05-08T15:15:08.936Z'
System info: host: 'hp-All-Series', ip: '127.0.1.1', os.name: 'Linux', os.arch: 'amd64', os.version: '4.2.0-27-generic', java.version: '1.8.0_162'
Driver info: driver.version: AndroidDriver
at org.openqa.selenium.remote.RemoteWebDriver.findElement(RemoteWebDriver.java:324)
at io.appium.java_client.DefaultGenericMobileDriver.findElement(DefaultGenericMobileDriver.java:62)
at io.appium.java_client.AppiumDriver.findElement(AppiumDriver.java:1)
at io.appium.java_client.android.AndroidDriver.findElement(AndroidDriver.java:1)
at org.openqa.selenium.remote.RemoteWebDriver.findElementByXPath(RemoteWebDriver.java:419)
at io.appium.java_client.DefaultGenericMobileDriver.findElementByXPath(DefaultGenericMobileDriver.java:152)
at io.appium.java_client.AppiumDriver.findElementByXPath(AppiumDriver.java:1)
at io.appium.java_client.android.AndroidDriver.findElementByXPath(AndroidDriver.java:1)
at org.openqa.selenium.By$ByXPath.findElement(By.java:353)
at org.openqa.selenium.remote.RemoteWebDriver.findElement(RemoteWebDriver.java:309)
at io.appium.java_client.DefaultGenericMobileDriver.findElement(DefaultGenericMobileDriver.java:58)
at io.appium.java_client.AppiumDriver.findElement(AppiumDriver.java:1)
at io.appium.java_client.android.AndroidDriver.findElement(AndroidDriver.java:1)
at ucreate.com.ImFootball.Login.LoginPage.getValidationMessageOnPassword(LoginPage.java:72)
at ucreate.com.ImFootball.Login.LoginTest.__CLR4_1_238wb8n64(LoginTest.java:93)
at ucreate.com.ImFootball.Login.LoginTest.loginInvalidDetails4(LoginTest.java:81)
Caused by: java.lang.ClassCastException: com.google.common.collect.Maps$TransformedEntriesMap cannot be cast to org.openqa.selenium.WebElement
at org.openqa.selenium.remote.RemoteWebDriver.findElement(RemoteWebDriver.java:322)
... 40 more
... Removed 25 stack frames]]>
    </failure>
  </testcase> <!-- loginInvalidDetails4 -->
  <testcase name="loginInvalidDetails5" time="19.962" classname="ucreate.com.ImFootball.Login.LoginTest"/>
  <testcase name="loginInvalidDetails6" time="23.146" classname="ucreate.com.ImFootball.Login.LoginTest"/>
  <testcase name="loginInvalidDetails7" time="20.174" classname="ucreate.com.ImFootball.Login.LoginTest"/>
  <testcase name="loginInvalidDetails8" time="19.781" classname="ucreate.com.ImFootball.Login.LoginTest"/>
  <testcase name="loginInvalidDetails9" time="19.987" classname="ucreate.com.ImFootball.Login.LoginTest"/>
  <testcase name="loginInvalidDetails10" time="19.932" classname="ucreate.com.ImFootball.Login.LoginTest"/>
  <testcase name="loginInvalidDetails11" time="19.673" classname="ucreate.com.ImFootball.Login.LoginTest"/>
  <testcase name="loginValidDetails" time="47.359" classname="ucreate.com.ImFootball.Login.LoginTest"/>
  <testcase name="Signout" time="6.946" classname="ucreate.com.ImFootball.Login.LoginTest"/>
  <testcase name="tabOnLoginwithFacebook" time="3.32" classname="ucreate.com.ImFootball.Login.LoginTest"/>
  <testcase name="loginwithFB" time="81.914" classname="ucreate.com.ImFootball.Login.LoginTest">
    <failure type="org.openqa.selenium.TimeoutException" message="Expected condition failed: waiting for presence of element located by: By.xpath: //android.widget.Button[@resource-id=&amp;apos;u_0_1&amp;apos;] (tried for 30 second(s) with 500 milliseconds interval)">
      <![CDATA[org.openqa.selenium.TimeoutException: Expected condition failed: waiting for presence of element located by: By.xpath: //android.widget.Button[@resource-id='u_0_1'] (tried for 30 second(s) with 500 milliseconds interval)
at org.openqa.selenium.support.ui.WebDriverWait.timeoutException(WebDriverWait.java:81)
at org.openqa.selenium.support.ui.FluentWait.until(FluentWait.java:271)
at ucreate.com.ImFootball.Login.LoginPage.AddcredentialsInFB(LoginPage.java:86)
at ucreate.com.ImFootball.Login.LoginTest.__CLR4_1_27o788ea6(LoginTest.java:260)
at ucreate.com.ImFootball.Login.LoginTest.loginwithFB(LoginTest.java:259)
Caused by: org.openqa.selenium.NoSuchElementException: Cannot locate an element using By.xpath: //android.widget.Button[@resource-id='u_0_1']
For documentation on this error, please visit: http://seleniumhq.org/exceptions/no_such_element.html
Build info: version: '3.12.0', revision: '7c6e0b3', time: '2018-05-08T15:15:08.936Z'
System info: host: 'hp-All-Series', ip: '127.0.1.1', os.name: 'Linux', os.arch: 'amd64', os.version: '4.2.0-27-generic', java.version: '1.8.0_162'
Driver info: driver.version: unknown
at org.openqa.selenium.support.ui.ExpectedConditions.lambda$findElement$0(ExpectedConditions.java:896)
at java.util.Optional.orElseThrow(Optional.java:290)
at org.openqa.selenium.support.ui.ExpectedConditions.findElement(ExpectedConditions.java:895)
at org.openqa.selenium.support.ui.ExpectedConditions.access$000(ExpectedConditions.java:44)
at org.openqa.selenium.support.ui.ExpectedConditions$6.apply(ExpectedConditions.java:183)
at org.openqa.selenium.support.ui.ExpectedConditions$6.apply(ExpectedConditions.java:180)
at org.openqa.selenium.support.ui.FluentWait.until(FluentWait.java:248)
... 28 more
... Removed 25 stack frames]]>
    </failure>
  </testcase> <!-- loginwithFB -->
  <testcase name="createAnAccount" time="24.155" classname="ucreate.com.ImFootball.Login.LoginTest">
    <failure type="org.openqa.selenium.TimeoutException" message="Expected condition failed: waiting for element to be clickable: By.xpath: //android.widget.Button[@resource-id=&amp;apos;com.imfootball:id/btnLogin&amp;apos;] (tried for 24 second(s) with 500 milliseconds interval)">
      <![CDATA[org.openqa.selenium.TimeoutException: Expected condition failed: waiting for element to be clickable: By.xpath: //android.widget.Button[@resource-id='com.imfootball:id/btnLogin'] (tried for 24 second(s) with 500 milliseconds interval)
at org.openqa.selenium.support.ui.WebDriverWait.timeoutException(WebDriverWait.java:81)
at org.openqa.selenium.support.ui.FluentWait.until(FluentWait.java:271)
at ucreate.com.ImFootball.Utilities.CommonMethods.elementToBeClickableWait(CommonMethods.java:21)
at ucreate.com.ImFootball.Home.HomePage.clickOnLoginButton(HomePage.java:25)
at ucreate.com.ImFootball.Login.LoginTest.__CLR4_1_2eikygbab(LoginTest.java:269)
at ucreate.com.ImFootball.Login.LoginTest.createAnAccount(LoginTest.java:267)
Caused by: org.openqa.selenium.NoSuchElementException: Cannot locate an element using By.xpath: //android.widget.Button[@resource-id='com.imfootball:id/btnLogin']
For documentation on this error, please visit: http://seleniumhq.org/exceptions/no_such_element.html
Build info: version: '3.12.0', revision: '7c6e0b3', time: '2018-05-08T15:15:08.936Z'
System info: host: 'hp-All-Series', ip: '127.0.1.1', os.name: 'Linux', os.arch: 'amd64', os.version: '4.2.0-27-generic', java.version: '1.8.0_162'
Driver info: driver.version: unknown
at org.openqa.selenium.support.ui.ExpectedConditions.lambda$findElement$0(ExpectedConditions.java:896)
at java.util.Optional.orElseThrow(Optional.java:290)
at org.openqa.selenium.support.ui.ExpectedConditions.findElement(ExpectedConditions.java:895)
at org.openqa.selenium.support.ui.ExpectedConditions.access$000(ExpectedConditions.java:44)
at org.openqa.selenium.support.ui.ExpectedConditions$7.apply(ExpectedConditions.java:206)
at org.openqa.selenium.support.ui.ExpectedConditions$7.apply(ExpectedConditions.java:202)
at org.openqa.selenium.support.ui.ExpectedConditions$22.apply(ExpectedConditions.java:657)
at org.openqa.selenium.support.ui.ExpectedConditions$22.apply(ExpectedConditions.java:654)
at org.openqa.selenium.support.ui.FluentWait.until(FluentWait.java:248)
... 29 more
... Removed 25 stack frames]]>
    </failure>
  </testcase> <!-- createAnAccount -->
</testsuite> <!-- aboutpage of cgsm -->
