<?xml version="1.0" encoding="UTF-8"?>
<!-- Generated by org.testng.reporters.JUnitXMLReporter -->
<testsuite hostname="hp-All-Series" ignored="0" name="aboutpage of cgsm" tests="17" failures="0" timestamp="24 May 2018 10:19:09 GMT" time="0.335" errors="0">
  <testcase name="@BeforeTest Setup" time="0.0" classname="ucreate.com.ImFootball.Utilities.BrowserInstance">
    <failure type="java.lang.NoSuchMethodError" message="org.openqa.selenium.json.JsonOutput.write(Ljava/lang/Object;Ljava/lang/reflect/Type;)Lorg/openqa/selenium/json/JsonOutput;">
      <![CDATA[java.lang.NoSuchMethodError: org.openqa.selenium.json.JsonOutput.write(Ljava/lang/Object;Ljava/lang/reflect/Type;)Lorg/openqa/selenium/json/JsonOutput;
	at org.openqa.selenium.remote.NewSessionPayload.writeTo(NewSessionPayload.java:247)
	at org.openqa.selenium.remote.ProtocolHandshake.createSession(ProtocolHandshake.java:69)
	at org.openqa.selenium.remote.HttpCommandExecutor.execute(HttpCommandExecutor.java:136)
	at io.appium.java_client.remote.AppiumCommandExecutor.execute(AppiumCommandExecutor.java:129)
	at org.openqa.selenium.remote.RemoteWebDriver.execute(RemoteWebDriver.java:543)
	at io.appium.java_client.DefaultGenericMobileDriver.execute(DefaultGenericMobileDriver.java:42)
	at io.appium.java_client.AppiumDriver.execute(AppiumDriver.java:1)
	at io.appium.java_client.android.AndroidDriver.execute(AndroidDriver.java:1)
	at org.openqa.selenium.remote.RemoteWebDriver.startSession(RemoteWebDriver.java:207)
	at org.openqa.selenium.remote.RemoteWebDriver.<init>(RemoteWebDriver.java:130)
	at io.appium.java_client.DefaultGenericMobileDriver.<init>(DefaultGenericMobileDriver.java:38)
	at io.appium.java_client.AppiumDriver.<init>(AppiumDriver.java:84)
	at io.appium.java_client.AppiumDriver.<init>(AppiumDriver.java:94)
	at io.appium.java_client.android.AndroidDriver.<init>(AndroidDriver.java:80)
	at ucreate.com.ImFootball.Utilities.BrowserInstance.Setup(BrowserInstance.java:24)
	Suppressed: java.io.IOException: Incomplete document
		at com.google.gson.stream.JsonWriter.close(JsonWriter.java:559)
		at org.openqa.selenium.json.JsonOutput.close(JsonOutput.java:38)
		at org.openqa.selenium.remote.NewSessionPayload.writeTo(NewSessionPayload.java:270)
		... 40 more
... Removed 26 stack frames]]>
    </failure>
  </testcase> <!-- @BeforeTest Setup -->
  <testcase name="clickOnLoginButton" time="0.0" classname="ucreate.com.ImFootball.Login.LoginTest">
    <skipped/>
  </testcase> <!-- clickOnLoginButton -->
  <testcase name="loginInvalidDeatils1" time="0.0" classname="ucreate.com.ImFootball.Login.LoginTest">
    <skipped/>
  </testcase> <!-- loginInvalidDeatils1 -->
  <testcase name="loginInvalidDetails2" time="0.0" classname="ucreate.com.ImFootball.Login.LoginTest">
    <skipped/>
  </testcase> <!-- loginInvalidDetails2 -->
  <testcase name="loginInvalidDetails3" time="0.0" classname="ucreate.com.ImFootball.Login.LoginTest">
    <skipped/>
  </testcase> <!-- loginInvalidDetails3 -->
  <testcase name="loginInvalidDetails4" time="0.0" classname="ucreate.com.ImFootball.Login.LoginTest">
    <skipped/>
  </testcase> <!-- loginInvalidDetails4 -->
  <testcase name="loginInvalidDetails5" time="0.0" classname="ucreate.com.ImFootball.Login.LoginTest">
    <skipped/>
  </testcase> <!-- loginInvalidDetails5 -->
  <testcase name="loginInvalidDetails6" time="0.0" classname="ucreate.com.ImFootball.Login.LoginTest">
    <skipped/>
  </testcase> <!-- loginInvalidDetails6 -->
  <testcase name="loginInvalidDetails7" time="0.0" classname="ucreate.com.ImFootball.Login.LoginTest">
    <skipped/>
  </testcase> <!-- loginInvalidDetails7 -->
  <testcase name="loginInvalidDetails8" time="0.0" classname="ucreate.com.ImFootball.Login.LoginTest">
    <skipped/>
  </testcase> <!-- loginInvalidDetails8 -->
  <testcase name="loginInvalidDetails9" time="0.0" classname="ucreate.com.ImFootball.Login.LoginTest">
    <skipped/>
  </testcase> <!-- loginInvalidDetails9 -->
  <testcase name="loginInvalidDetails10" time="0.0" classname="ucreate.com.ImFootball.Login.LoginTest">
    <skipped/>
  </testcase> <!-- loginInvalidDetails10 -->
  <testcase name="loginInvalidDetails11" time="0.0" classname="ucreate.com.ImFootball.Login.LoginTest">
    <skipped/>
  </testcase> <!-- loginInvalidDetails11 -->
  <testcase name="loginValidDetails" time="0.0" classname="ucreate.com.ImFootball.Login.LoginTest">
    <skipped/>
  </testcase> <!-- loginValidDetails -->
  <testcase name="Signout" time="0.0" classname="ucreate.com.ImFootball.Login.LoginTest">
    <skipped/>
  </testcase> <!-- Signout -->
  <testcase name="tabOnLoginwithFacebook" time="0.0" classname="ucreate.com.ImFootball.Login.LoginTest">
    <skipped/>
  </testcase> <!-- tabOnLoginwithFacebook -->
  <testcase name="loginwithFB" time="0.0" classname="ucreate.com.ImFootball.Login.LoginTest">
    <skipped/>
  </testcase> <!-- loginwithFB -->
  <testcase name="createAnAccount" time="0.0" classname="ucreate.com.ImFootball.Login.LoginTest">
    <skipped/>
  </testcase> <!-- createAnAccount -->
</testsuite> <!-- aboutpage of cgsm -->
