<!DOCTYPE html>

<html>
  <head>
  <meta charset='utf-8'>
  <title>TestNG reports</title>

    <link type="text/css" href="testng-reports.css" rel="stylesheet" />  
    <script type="text/javascript" src="jquery-1.7.1.min.js"></script>
    <script type="text/javascript" src="testng-reports.js"></script>
    <script type="text/javascript" src="https://www.google.com/jsapi"></script>
    <script type='text/javascript'>
      google.load('visualization', '1', {packages:['table']});
      google.setOnLoadCallback(drawTable);
      var suiteTableInitFunctions = new Array();
      var suiteTableData = new Array();
    </script>
    <!--
      <script type="text/javascript" src="jquery-ui/js/jquery-ui-1.8.16.custom.min.js"></script>
     -->
  </head>

  <body>
    <div class="top-banner-root">
      <span class="top-banner-title-font">Test results</span>
      <br/>
      <span class="top-banner-font-1">1 suite</span>
    </div> <!-- top-banner-root -->
    <div class="navigator-root">
      <div class="navigator-suite-header">
        <span>All suites</span>
        <a href="#" class="collapse-all-link" title="Collapse/expand all the suites">
          <img class="collapse-all-icon" src="collapseall.gif">
          </img> <!-- collapse-all-icon -->
        </a> <!-- collapse-all-link -->
      </div> <!-- navigator-suite-header -->
      <div class="suite">
        <div class="rounded-window">
          <div class="suite-header light-rounded-window-top">
            <a href="#" class="navigator-link" panel-name="suite-Suite">
              <span class="suite-name border-skipped">Suite</span>
            </a> <!-- navigator-link -->
          </div> <!-- suite-header light-rounded-window-top -->
          <div class="navigator-suite-content">
            <div class="suite-section-title">
              <span>Info</span>
            </div> <!-- suite-section-title -->
            <div class="suite-section-content">
              <ul>
                <li>
                  <a href="#" class="navigator-link " panel-name="test-xml-Suite">
                    <span>login.xml</span>
                  </a> <!-- navigator-link  -->
                </li>
                <li>
                  <a href="#" class="navigator-link " panel-name="testlist-Suite">
                    <span class="test-stats">1 test</span>
                  </a> <!-- navigator-link  -->
                </li>
                <li>
                  <a href="#" class="navigator-link " panel-name="group-Suite">
                    <span>0 groups</span>
                  </a> <!-- navigator-link  -->
                </li>
                <li>
                  <a href="#" class="navigator-link " panel-name="times-Suite">
                    <span>Times</span>
                  </a> <!-- navigator-link  -->
                </li>
                <li>
                  <a href="#" class="navigator-link " panel-name="reporter-Suite">
                    <span>Reporter output</span>
                  </a> <!-- navigator-link  -->
                </li>
                <li>
                  <a href="#" class="navigator-link " panel-name="ignored-methods-Suite">
                    <span>Ignored methods</span>
                  </a> <!-- navigator-link  -->
                </li>
                <li>
                  <a href="#" class="navigator-link " panel-name="chronological-Suite">
                    <span>Chronological view</span>
                  </a> <!-- navigator-link  -->
                </li>
              </ul>
            </div> <!-- suite-section-content -->
            <div class="result-section">
              <div class="suite-section-title">
                <span>Results</span>
              </div> <!-- suite-section-title -->
              <div class="suite-section-content">
                <ul>
                  <li>
                    <span class="method-stats">17 methods,  17 skipped,  </span>
                  </li>
                  <li>
                    <span class="method-list-title skipped">Skipped methods</span>
                    <span class="show-or-hide-methods skipped">
                      <a href="#" panel-name="suite-Suite" class="hide-methods skipped suite-Suite"> (hide)</a> <!-- hide-methods skipped suite-Suite -->
                      <a href="#" panel-name="suite-Suite" class="show-methods skipped suite-Suite"> (show)</a> <!-- show-methods skipped suite-Suite -->
                    </span>
                    <div class="method-list-content skipped suite-Suite">
                      <span>
                        <img width="3%" src="skipped.png"/>
                        <a href="#" class="method navigator-link" panel-name="suite-Suite" title="ucreate.com.ImFootball.Login.LoginTest" hash-for-method="Signout">Signout</a> <!-- method navigator-link -->
                      </span>
                      <br/>
                      <span>
                        <img width="3%" src="skipped.png"/>
                        <a href="#" class="method navigator-link" panel-name="suite-Suite" title="ucreate.com.ImFootball.Login.LoginTest" hash-for-method="clickOnLoginButton">clickOnLoginButton</a> <!-- method navigator-link -->
                      </span>
                      <br/>
                      <span>
                        <img width="3%" src="skipped.png"/>
                        <a href="#" class="method navigator-link" panel-name="suite-Suite" title="ucreate.com.ImFootball.Login.LoginTest" hash-for-method="createAnAccount">createAnAccount</a> <!-- method navigator-link -->
                      </span>
                      <br/>
                      <span>
                        <img width="3%" src="skipped.png"/>
                        <a href="#" class="method navigator-link" panel-name="suite-Suite" title="ucreate.com.ImFootball.Login.LoginTest" hash-for-method="loginInvalidDeatils1">loginInvalidDeatils1</a> <!-- method navigator-link -->
                      </span>
                      <br/>
                      <span>
                        <img width="3%" src="skipped.png"/>
                        <a href="#" class="method navigator-link" panel-name="suite-Suite" title="ucreate.com.ImFootball.Login.LoginTest" hash-for-method="loginInvalidDetails10">loginInvalidDetails10</a> <!-- method navigator-link -->
                      </span>
                      <br/>
                      <span>
                        <img width="3%" src="skipped.png"/>
                        <a href="#" class="method navigator-link" panel-name="suite-Suite" title="ucreate.com.ImFootball.Login.LoginTest" hash-for-method="loginInvalidDetails11">loginInvalidDetails11</a> <!-- method navigator-link -->
                      </span>
                      <br/>
                      <span>
                        <img width="3%" src="skipped.png"/>
                        <a href="#" class="method navigator-link" panel-name="suite-Suite" title="ucreate.com.ImFootball.Login.LoginTest" hash-for-method="loginInvalidDetails2">loginInvalidDetails2</a> <!-- method navigator-link -->
                      </span>
                      <br/>
                      <span>
                        <img width="3%" src="skipped.png"/>
                        <a href="#" class="method navigator-link" panel-name="suite-Suite" title="ucreate.com.ImFootball.Login.LoginTest" hash-for-method="loginInvalidDetails3">loginInvalidDetails3</a> <!-- method navigator-link -->
                      </span>
                      <br/>
                      <span>
                        <img width="3%" src="skipped.png"/>
                        <a href="#" class="method navigator-link" panel-name="suite-Suite" title="ucreate.com.ImFootball.Login.LoginTest" hash-for-method="loginInvalidDetails4">loginInvalidDetails4</a> <!-- method navigator-link -->
                      </span>
                      <br/>
                      <span>
                        <img width="3%" src="skipped.png"/>
                        <a href="#" class="method navigator-link" panel-name="suite-Suite" title="ucreate.com.ImFootball.Login.LoginTest" hash-for-method="loginInvalidDetails5">loginInvalidDetails5</a> <!-- method navigator-link -->
                      </span>
                      <br/>
                      <span>
                        <img width="3%" src="skipped.png"/>
                        <a href="#" class="method navigator-link" panel-name="suite-Suite" title="ucreate.com.ImFootball.Login.LoginTest" hash-for-method="loginInvalidDetails6">loginInvalidDetails6</a> <!-- method navigator-link -->
                      </span>
                      <br/>
                      <span>
                        <img width="3%" src="skipped.png"/>
                        <a href="#" class="method navigator-link" panel-name="suite-Suite" title="ucreate.com.ImFootball.Login.LoginTest" hash-for-method="loginInvalidDetails7">loginInvalidDetails7</a> <!-- method navigator-link -->
                      </span>
                      <br/>
                      <span>
                        <img width="3%" src="skipped.png"/>
                        <a href="#" class="method navigator-link" panel-name="suite-Suite" title="ucreate.com.ImFootball.Login.LoginTest" hash-for-method="loginInvalidDetails8">loginInvalidDetails8</a> <!-- method navigator-link -->
                      </span>
                      <br/>
                      <span>
                        <img width="3%" src="skipped.png"/>
                        <a href="#" class="method navigator-link" panel-name="suite-Suite" title="ucreate.com.ImFootball.Login.LoginTest" hash-for-method="loginInvalidDetails9">loginInvalidDetails9</a> <!-- method navigator-link -->
                      </span>
                      <br/>
                      <span>
                        <img width="3%" src="skipped.png"/>
                        <a href="#" class="method navigator-link" panel-name="suite-Suite" title="ucreate.com.ImFootball.Login.LoginTest" hash-for-method="loginValidDetails">loginValidDetails</a> <!-- method navigator-link -->
                      </span>
                      <br/>
                      <span>
                        <img width="3%" src="skipped.png"/>
                        <a href="#" class="method navigator-link" panel-name="suite-Suite" title="ucreate.com.ImFootball.Login.LoginTest" hash-for-method="loginwithFB">loginwithFB</a> <!-- method navigator-link -->
                      </span>
                      <br/>
                      <span>
                        <img width="3%" src="skipped.png"/>
                        <a href="#" class="method navigator-link" panel-name="suite-Suite" title="ucreate.com.ImFootball.Login.LoginTest" hash-for-method="tabOnLoginwithFacebook">tabOnLoginwithFacebook</a> <!-- method navigator-link -->
                      </span>
                      <br/>
                    </div> <!-- method-list-content skipped suite-Suite -->
                  </li>
                </ul>
              </div> <!-- suite-section-content -->
            </div> <!-- result-section -->
          </div> <!-- navigator-suite-content -->
        </div> <!-- rounded-window -->
      </div> <!-- suite -->
    </div> <!-- navigator-root -->
    <div class="wrapper">
      <div class="main-panel-root">
        <div panel-name="suite-Suite" class="panel Suite">
          <div class="suite-Suite-class-skipped">
            <div class="main-panel-header rounded-window-top">
              <img src="skipped.png"/>
              <span class="class-name">ucreate.com.ImFootball.Login.LoginTest</span>
            </div> <!-- main-panel-header rounded-window-top -->
            <div class="main-panel-content rounded-window-bottom">
              <div class="method">
                <div class="method-content">
                  <a name="Signout">
                  </a> <!-- Signout -->
                  <span class="method-name">Signout</span>
                  <div class="stack-trace">java.lang.NoSuchMethodError: org.openqa.selenium.json.JsonOutput.write(Ljava/lang/Object;Ljava/lang/reflect/Type;)Lorg/openqa/selenium/json/JsonOutput;
	at org.openqa.selenium.remote.NewSessionPayload.writeTo(NewSessionPayload.java:247)
	at org.openqa.selenium.remote.ProtocolHandshake.createSession(ProtocolHandshake.java:69)
	at org.openqa.selenium.remote.HttpCommandExecutor.execute(HttpCommandExecutor.java:136)
	at io.appium.java_client.remote.AppiumCommandExecutor.execute(AppiumCommandExecutor.java:129)
	at org.openqa.selenium.remote.RemoteWebDriver.execute(RemoteWebDriver.java:543)
	at io.appium.java_client.DefaultGenericMobileDriver.execute(DefaultGenericMobileDriver.java:42)
	at io.appium.java_client.AppiumDriver.execute(AppiumDriver.java:1)
	at io.appium.java_client.android.AndroidDriver.execute(AndroidDriver.java:1)
	at org.openqa.selenium.remote.RemoteWebDriver.startSession(RemoteWebDriver.java:207)
	at org.openqa.selenium.remote.RemoteWebDriver.&lt;init&gt;(RemoteWebDriver.java:130)
	at io.appium.java_client.DefaultGenericMobileDriver.&lt;init&gt;(DefaultGenericMobileDriver.java:38)
	at io.appium.java_client.AppiumDriver.&lt;init&gt;(AppiumDriver.java:84)
	at io.appium.java_client.AppiumDriver.&lt;init&gt;(AppiumDriver.java:94)
	at io.appium.java_client.android.AndroidDriver.&lt;init&gt;(AndroidDriver.java:80)
	at ucreate.com.ImFootball.Utilities.BrowserInstance.Setup(BrowserInstance.java:24)
	Suppressed: java.io.IOException: Incomplete document
		at com.google.gson.stream.JsonWriter.close(JsonWriter.java:559)
		at org.openqa.selenium.json.JsonOutput.close(JsonOutput.java:38)
		at org.openqa.selenium.remote.NewSessionPayload.writeTo(NewSessionPayload.java:270)
		... 40 more
... Removed 26 stack frames
</div> <!-- stack-trace -->
                  <em>
(signout)                  </em>
                </div> <!-- method-content -->
              </div> <!-- method -->
              <div class="method">
                <div class="method-content">
                  <a name="clickOnLoginButton">
                  </a> <!-- clickOnLoginButton -->
                  <span class="method-name">clickOnLoginButton</span>
                  <div class="stack-trace">java.lang.NoSuchMethodError: org.openqa.selenium.json.JsonOutput.write(Ljava/lang/Object;Ljava/lang/reflect/Type;)Lorg/openqa/selenium/json/JsonOutput;
	at org.openqa.selenium.remote.NewSessionPayload.writeTo(NewSessionPayload.java:247)
	at org.openqa.selenium.remote.ProtocolHandshake.createSession(ProtocolHandshake.java:69)
	at org.openqa.selenium.remote.HttpCommandExecutor.execute(HttpCommandExecutor.java:136)
	at io.appium.java_client.remote.AppiumCommandExecutor.execute(AppiumCommandExecutor.java:129)
	at org.openqa.selenium.remote.RemoteWebDriver.execute(RemoteWebDriver.java:543)
	at io.appium.java_client.DefaultGenericMobileDriver.execute(DefaultGenericMobileDriver.java:42)
	at io.appium.java_client.AppiumDriver.execute(AppiumDriver.java:1)
	at io.appium.java_client.android.AndroidDriver.execute(AndroidDriver.java:1)
	at org.openqa.selenium.remote.RemoteWebDriver.startSession(RemoteWebDriver.java:207)
	at org.openqa.selenium.remote.RemoteWebDriver.&lt;init&gt;(RemoteWebDriver.java:130)
	at io.appium.java_client.DefaultGenericMobileDriver.&lt;init&gt;(DefaultGenericMobileDriver.java:38)
	at io.appium.java_client.AppiumDriver.&lt;init&gt;(AppiumDriver.java:84)
	at io.appium.java_client.AppiumDriver.&lt;init&gt;(AppiumDriver.java:94)
	at io.appium.java_client.android.AndroidDriver.&lt;init&gt;(AndroidDriver.java:80)
	at ucreate.com.ImFootball.Utilities.BrowserInstance.Setup(BrowserInstance.java:24)
	Suppressed: java.io.IOException: Incomplete document
		at com.google.gson.stream.JsonWriter.close(JsonWriter.java:559)
		at org.openqa.selenium.json.JsonOutput.close(JsonOutput.java:38)
		at org.openqa.selenium.remote.NewSessionPayload.writeTo(NewSessionPayload.java:270)
		... 40 more
... Removed 26 stack frames
</div> <!-- stack-trace -->
                  <em>
(Click on Login button)                  </em>
                </div> <!-- method-content -->
              </div> <!-- method -->
              <div class="method">
                <div class="method-content">
                  <a name="createAnAccount">
                  </a> <!-- createAnAccount -->
                  <span class="method-name">createAnAccount</span>
                  <div class="stack-trace">java.lang.NoSuchMethodError: org.openqa.selenium.json.JsonOutput.write(Ljava/lang/Object;Ljava/lang/reflect/Type;)Lorg/openqa/selenium/json/JsonOutput;
	at org.openqa.selenium.remote.NewSessionPayload.writeTo(NewSessionPayload.java:247)
	at org.openqa.selenium.remote.ProtocolHandshake.createSession(ProtocolHandshake.java:69)
	at org.openqa.selenium.remote.HttpCommandExecutor.execute(HttpCommandExecutor.java:136)
	at io.appium.java_client.remote.AppiumCommandExecutor.execute(AppiumCommandExecutor.java:129)
	at org.openqa.selenium.remote.RemoteWebDriver.execute(RemoteWebDriver.java:543)
	at io.appium.java_client.DefaultGenericMobileDriver.execute(DefaultGenericMobileDriver.java:42)
	at io.appium.java_client.AppiumDriver.execute(AppiumDriver.java:1)
	at io.appium.java_client.android.AndroidDriver.execute(AndroidDriver.java:1)
	at org.openqa.selenium.remote.RemoteWebDriver.startSession(RemoteWebDriver.java:207)
	at org.openqa.selenium.remote.RemoteWebDriver.&lt;init&gt;(RemoteWebDriver.java:130)
	at io.appium.java_client.DefaultGenericMobileDriver.&lt;init&gt;(DefaultGenericMobileDriver.java:38)
	at io.appium.java_client.AppiumDriver.&lt;init&gt;(AppiumDriver.java:84)
	at io.appium.java_client.AppiumDriver.&lt;init&gt;(AppiumDriver.java:94)
	at io.appium.java_client.android.AndroidDriver.&lt;init&gt;(AndroidDriver.java:80)
	at ucreate.com.ImFootball.Utilities.BrowserInstance.Setup(BrowserInstance.java:24)
	Suppressed: java.io.IOException: Incomplete document
		at com.google.gson.stream.JsonWriter.close(JsonWriter.java:559)
		at org.openqa.selenium.json.JsonOutput.close(JsonOutput.java:38)
		at org.openqa.selenium.remote.NewSessionPayload.writeTo(NewSessionPayload.java:270)
		... 40 more
... Removed 26 stack frames
</div> <!-- stack-trace -->
                  <em>
(tab on create an account button)                  </em>
                </div> <!-- method-content -->
              </div> <!-- method -->
              <div class="method">
                <div class="method-content">
                  <a name="loginInvalidDeatils1">
                  </a> <!-- loginInvalidDeatils1 -->
                  <span class="method-name">loginInvalidDeatils1</span>
                  <div class="stack-trace">java.lang.NoSuchMethodError: org.openqa.selenium.json.JsonOutput.write(Ljava/lang/Object;Ljava/lang/reflect/Type;)Lorg/openqa/selenium/json/JsonOutput;
	at org.openqa.selenium.remote.NewSessionPayload.writeTo(NewSessionPayload.java:247)
	at org.openqa.selenium.remote.ProtocolHandshake.createSession(ProtocolHandshake.java:69)
	at org.openqa.selenium.remote.HttpCommandExecutor.execute(HttpCommandExecutor.java:136)
	at io.appium.java_client.remote.AppiumCommandExecutor.execute(AppiumCommandExecutor.java:129)
	at org.openqa.selenium.remote.RemoteWebDriver.execute(RemoteWebDriver.java:543)
	at io.appium.java_client.DefaultGenericMobileDriver.execute(DefaultGenericMobileDriver.java:42)
	at io.appium.java_client.AppiumDriver.execute(AppiumDriver.java:1)
	at io.appium.java_client.android.AndroidDriver.execute(AndroidDriver.java:1)
	at org.openqa.selenium.remote.RemoteWebDriver.startSession(RemoteWebDriver.java:207)
	at org.openqa.selenium.remote.RemoteWebDriver.&lt;init&gt;(RemoteWebDriver.java:130)
	at io.appium.java_client.DefaultGenericMobileDriver.&lt;init&gt;(DefaultGenericMobileDriver.java:38)
	at io.appium.java_client.AppiumDriver.&lt;init&gt;(AppiumDriver.java:84)
	at io.appium.java_client.AppiumDriver.&lt;init&gt;(AppiumDriver.java:94)
	at io.appium.java_client.android.AndroidDriver.&lt;init&gt;(AndroidDriver.java:80)
	at ucreate.com.ImFootball.Utilities.BrowserInstance.Setup(BrowserInstance.java:24)
	Suppressed: java.io.IOException: Incomplete document
		at com.google.gson.stream.JsonWriter.close(JsonWriter.java:559)
		at org.openqa.selenium.json.JsonOutput.close(JsonOutput.java:38)
		at org.openqa.selenium.remote.NewSessionPayload.writeTo(NewSessionPayload.java:270)
		... 40 more
... Removed 26 stack frames
</div> <!-- stack-trace -->
                  <em>
(Login with invalid details - Email : 'Characters')                  </em>
                </div> <!-- method-content -->
              </div> <!-- method -->
              <div class="method">
                <div class="method-content">
                  <a name="loginInvalidDetails10">
                  </a> <!-- loginInvalidDetails10 -->
                  <span class="method-name">loginInvalidDetails10</span>
                  <div class="stack-trace">java.lang.NoSuchMethodError: org.openqa.selenium.json.JsonOutput.write(Ljava/lang/Object;Ljava/lang/reflect/Type;)Lorg/openqa/selenium/json/JsonOutput;
	at org.openqa.selenium.remote.NewSessionPayload.writeTo(NewSessionPayload.java:247)
	at org.openqa.selenium.remote.ProtocolHandshake.createSession(ProtocolHandshake.java:69)
	at org.openqa.selenium.remote.HttpCommandExecutor.execute(HttpCommandExecutor.java:136)
	at io.appium.java_client.remote.AppiumCommandExecutor.execute(AppiumCommandExecutor.java:129)
	at org.openqa.selenium.remote.RemoteWebDriver.execute(RemoteWebDriver.java:543)
	at io.appium.java_client.DefaultGenericMobileDriver.execute(DefaultGenericMobileDriver.java:42)
	at io.appium.java_client.AppiumDriver.execute(AppiumDriver.java:1)
	at io.appium.java_client.android.AndroidDriver.execute(AndroidDriver.java:1)
	at org.openqa.selenium.remote.RemoteWebDriver.startSession(RemoteWebDriver.java:207)
	at org.openqa.selenium.remote.RemoteWebDriver.&lt;init&gt;(RemoteWebDriver.java:130)
	at io.appium.java_client.DefaultGenericMobileDriver.&lt;init&gt;(DefaultGenericMobileDriver.java:38)
	at io.appium.java_client.AppiumDriver.&lt;init&gt;(AppiumDriver.java:84)
	at io.appium.java_client.AppiumDriver.&lt;init&gt;(AppiumDriver.java:94)
	at io.appium.java_client.android.AndroidDriver.&lt;init&gt;(AndroidDriver.java:80)
	at ucreate.com.ImFootball.Utilities.BrowserInstance.Setup(BrowserInstance.java:24)
	Suppressed: java.io.IOException: Incomplete document
		at com.google.gson.stream.JsonWriter.close(JsonWriter.java:559)
		at org.openqa.selenium.json.JsonOutput.close(JsonOutput.java:38)
		at org.openqa.selenium.remote.NewSessionPayload.writeTo(NewSessionPayload.java:270)
		... 40 more
... Removed 26 stack frames
</div> <!-- stack-trace -->
                  <em>
(Login with invalid details - Password : 'Adding special characters only')                  </em>
                </div> <!-- method-content -->
              </div> <!-- method -->
              <div class="method">
                <div class="method-content">
                  <a name="loginInvalidDetails11">
                  </a> <!-- loginInvalidDetails11 -->
                  <span class="method-name">loginInvalidDetails11</span>
                  <div class="stack-trace">java.lang.NoSuchMethodError: org.openqa.selenium.json.JsonOutput.write(Ljava/lang/Object;Ljava/lang/reflect/Type;)Lorg/openqa/selenium/json/JsonOutput;
	at org.openqa.selenium.remote.NewSessionPayload.writeTo(NewSessionPayload.java:247)
	at org.openqa.selenium.remote.ProtocolHandshake.createSession(ProtocolHandshake.java:69)
	at org.openqa.selenium.remote.HttpCommandExecutor.execute(HttpCommandExecutor.java:136)
	at io.appium.java_client.remote.AppiumCommandExecutor.execute(AppiumCommandExecutor.java:129)
	at org.openqa.selenium.remote.RemoteWebDriver.execute(RemoteWebDriver.java:543)
	at io.appium.java_client.DefaultGenericMobileDriver.execute(DefaultGenericMobileDriver.java:42)
	at io.appium.java_client.AppiumDriver.execute(AppiumDriver.java:1)
	at io.appium.java_client.android.AndroidDriver.execute(AndroidDriver.java:1)
	at org.openqa.selenium.remote.RemoteWebDriver.startSession(RemoteWebDriver.java:207)
	at org.openqa.selenium.remote.RemoteWebDriver.&lt;init&gt;(RemoteWebDriver.java:130)
	at io.appium.java_client.DefaultGenericMobileDriver.&lt;init&gt;(DefaultGenericMobileDriver.java:38)
	at io.appium.java_client.AppiumDriver.&lt;init&gt;(AppiumDriver.java:84)
	at io.appium.java_client.AppiumDriver.&lt;init&gt;(AppiumDriver.java:94)
	at io.appium.java_client.android.AndroidDriver.&lt;init&gt;(AndroidDriver.java:80)
	at ucreate.com.ImFootball.Utilities.BrowserInstance.Setup(BrowserInstance.java:24)
	Suppressed: java.io.IOException: Incomplete document
		at com.google.gson.stream.JsonWriter.close(JsonWriter.java:559)
		at org.openqa.selenium.json.JsonOutput.close(JsonOutput.java:38)
		at org.openqa.selenium.remote.NewSessionPayload.writeTo(NewSessionPayload.java:270)
		... 40 more
... Removed 26 stack frames
</div> <!-- stack-trace -->
                  <em>
(Login with invalid details - Password : 'Adding password less than  8 characters and without numbers)                  </em>
                </div> <!-- method-content -->
              </div> <!-- method -->
              <div class="method">
                <div class="method-content">
                  <a name="loginInvalidDetails2">
                  </a> <!-- loginInvalidDetails2 -->
                  <span class="method-name">loginInvalidDetails2</span>
                  <div class="stack-trace">java.lang.NoSuchMethodError: org.openqa.selenium.json.JsonOutput.write(Ljava/lang/Object;Ljava/lang/reflect/Type;)Lorg/openqa/selenium/json/JsonOutput;
	at org.openqa.selenium.remote.NewSessionPayload.writeTo(NewSessionPayload.java:247)
	at org.openqa.selenium.remote.ProtocolHandshake.createSession(ProtocolHandshake.java:69)
	at org.openqa.selenium.remote.HttpCommandExecutor.execute(HttpCommandExecutor.java:136)
	at io.appium.java_client.remote.AppiumCommandExecutor.execute(AppiumCommandExecutor.java:129)
	at org.openqa.selenium.remote.RemoteWebDriver.execute(RemoteWebDriver.java:543)
	at io.appium.java_client.DefaultGenericMobileDriver.execute(DefaultGenericMobileDriver.java:42)
	at io.appium.java_client.AppiumDriver.execute(AppiumDriver.java:1)
	at io.appium.java_client.android.AndroidDriver.execute(AndroidDriver.java:1)
	at org.openqa.selenium.remote.RemoteWebDriver.startSession(RemoteWebDriver.java:207)
	at org.openqa.selenium.remote.RemoteWebDriver.&lt;init&gt;(RemoteWebDriver.java:130)
	at io.appium.java_client.DefaultGenericMobileDriver.&lt;init&gt;(DefaultGenericMobileDriver.java:38)
	at io.appium.java_client.AppiumDriver.&lt;init&gt;(AppiumDriver.java:84)
	at io.appium.java_client.AppiumDriver.&lt;init&gt;(AppiumDriver.java:94)
	at io.appium.java_client.android.AndroidDriver.&lt;init&gt;(AndroidDriver.java:80)
	at ucreate.com.ImFootball.Utilities.BrowserInstance.Setup(BrowserInstance.java:24)
	Suppressed: java.io.IOException: Incomplete document
		at com.google.gson.stream.JsonWriter.close(JsonWriter.java:559)
		at org.openqa.selenium.json.JsonOutput.close(JsonOutput.java:38)
		at org.openqa.selenium.remote.NewSessionPayload.writeTo(NewSessionPayload.java:270)
		... 40 more
... Removed 26 stack frames
</div> <!-- stack-trace -->
                  <em>
(Login with invalid details - Email: 'Special Charcaters)                  </em>
                </div> <!-- method-content -->
              </div> <!-- method -->
              <div class="method">
                <div class="method-content">
                  <a name="loginInvalidDetails3">
                  </a> <!-- loginInvalidDetails3 -->
                  <span class="method-name">loginInvalidDetails3</span>
                  <div class="stack-trace">java.lang.NoSuchMethodError: org.openqa.selenium.json.JsonOutput.write(Ljava/lang/Object;Ljava/lang/reflect/Type;)Lorg/openqa/selenium/json/JsonOutput;
	at org.openqa.selenium.remote.NewSessionPayload.writeTo(NewSessionPayload.java:247)
	at org.openqa.selenium.remote.ProtocolHandshake.createSession(ProtocolHandshake.java:69)
	at org.openqa.selenium.remote.HttpCommandExecutor.execute(HttpCommandExecutor.java:136)
	at io.appium.java_client.remote.AppiumCommandExecutor.execute(AppiumCommandExecutor.java:129)
	at org.openqa.selenium.remote.RemoteWebDriver.execute(RemoteWebDriver.java:543)
	at io.appium.java_client.DefaultGenericMobileDriver.execute(DefaultGenericMobileDriver.java:42)
	at io.appium.java_client.AppiumDriver.execute(AppiumDriver.java:1)
	at io.appium.java_client.android.AndroidDriver.execute(AndroidDriver.java:1)
	at org.openqa.selenium.remote.RemoteWebDriver.startSession(RemoteWebDriver.java:207)
	at org.openqa.selenium.remote.RemoteWebDriver.&lt;init&gt;(RemoteWebDriver.java:130)
	at io.appium.java_client.DefaultGenericMobileDriver.&lt;init&gt;(DefaultGenericMobileDriver.java:38)
	at io.appium.java_client.AppiumDriver.&lt;init&gt;(AppiumDriver.java:84)
	at io.appium.java_client.AppiumDriver.&lt;init&gt;(AppiumDriver.java:94)
	at io.appium.java_client.android.AndroidDriver.&lt;init&gt;(AndroidDriver.java:80)
	at ucreate.com.ImFootball.Utilities.BrowserInstance.Setup(BrowserInstance.java:24)
	Suppressed: java.io.IOException: Incomplete document
		at com.google.gson.stream.JsonWriter.close(JsonWriter.java:559)
		at org.openqa.selenium.json.JsonOutput.close(JsonOutput.java:38)
		at org.openqa.selenium.remote.NewSessionPayload.writeTo(NewSessionPayload.java:270)
		... 40 more
... Removed 26 stack frames
</div> <!-- stack-trace -->
                  <em>
(Login with invalid details - Email : 'Numbers')                  </em>
                </div> <!-- method-content -->
              </div> <!-- method -->
              <div class="method">
                <div class="method-content">
                  <a name="loginInvalidDetails4">
                  </a> <!-- loginInvalidDetails4 -->
                  <span class="method-name">loginInvalidDetails4</span>
                  <div class="stack-trace">java.lang.NoSuchMethodError: org.openqa.selenium.json.JsonOutput.write(Ljava/lang/Object;Ljava/lang/reflect/Type;)Lorg/openqa/selenium/json/JsonOutput;
	at org.openqa.selenium.remote.NewSessionPayload.writeTo(NewSessionPayload.java:247)
	at org.openqa.selenium.remote.ProtocolHandshake.createSession(ProtocolHandshake.java:69)
	at org.openqa.selenium.remote.HttpCommandExecutor.execute(HttpCommandExecutor.java:136)
	at io.appium.java_client.remote.AppiumCommandExecutor.execute(AppiumCommandExecutor.java:129)
	at org.openqa.selenium.remote.RemoteWebDriver.execute(RemoteWebDriver.java:543)
	at io.appium.java_client.DefaultGenericMobileDriver.execute(DefaultGenericMobileDriver.java:42)
	at io.appium.java_client.AppiumDriver.execute(AppiumDriver.java:1)
	at io.appium.java_client.android.AndroidDriver.execute(AndroidDriver.java:1)
	at org.openqa.selenium.remote.RemoteWebDriver.startSession(RemoteWebDriver.java:207)
	at org.openqa.selenium.remote.RemoteWebDriver.&lt;init&gt;(RemoteWebDriver.java:130)
	at io.appium.java_client.DefaultGenericMobileDriver.&lt;init&gt;(DefaultGenericMobileDriver.java:38)
	at io.appium.java_client.AppiumDriver.&lt;init&gt;(AppiumDriver.java:84)
	at io.appium.java_client.AppiumDriver.&lt;init&gt;(AppiumDriver.java:94)
	at io.appium.java_client.android.AndroidDriver.&lt;init&gt;(AndroidDriver.java:80)
	at ucreate.com.ImFootball.Utilities.BrowserInstance.Setup(BrowserInstance.java:24)
	Suppressed: java.io.IOException: Incomplete document
		at com.google.gson.stream.JsonWriter.close(JsonWriter.java:559)
		at org.openqa.selenium.json.JsonOutput.close(JsonOutput.java:38)
		at org.openqa.selenium.remote.NewSessionPayload.writeTo(NewSessionPayload.java:270)
		... 40 more
... Removed 26 stack frames
</div> <!-- stack-trace -->
                  <em>
(Login with invalid details - Email : 'Invalid Format of Email ID')                  </em>
                </div> <!-- method-content -->
              </div> <!-- method -->
              <div class="method">
                <div class="method-content">
                  <a name="loginInvalidDetails5">
                  </a> <!-- loginInvalidDetails5 -->
                  <span class="method-name">loginInvalidDetails5</span>
                  <div class="stack-trace">java.lang.NoSuchMethodError: org.openqa.selenium.json.JsonOutput.write(Ljava/lang/Object;Ljava/lang/reflect/Type;)Lorg/openqa/selenium/json/JsonOutput;
	at org.openqa.selenium.remote.NewSessionPayload.writeTo(NewSessionPayload.java:247)
	at org.openqa.selenium.remote.ProtocolHandshake.createSession(ProtocolHandshake.java:69)
	at org.openqa.selenium.remote.HttpCommandExecutor.execute(HttpCommandExecutor.java:136)
	at io.appium.java_client.remote.AppiumCommandExecutor.execute(AppiumCommandExecutor.java:129)
	at org.openqa.selenium.remote.RemoteWebDriver.execute(RemoteWebDriver.java:543)
	at io.appium.java_client.DefaultGenericMobileDriver.execute(DefaultGenericMobileDriver.java:42)
	at io.appium.java_client.AppiumDriver.execute(AppiumDriver.java:1)
	at io.appium.java_client.android.AndroidDriver.execute(AndroidDriver.java:1)
	at org.openqa.selenium.remote.RemoteWebDriver.startSession(RemoteWebDriver.java:207)
	at org.openqa.selenium.remote.RemoteWebDriver.&lt;init&gt;(RemoteWebDriver.java:130)
	at io.appium.java_client.DefaultGenericMobileDriver.&lt;init&gt;(DefaultGenericMobileDriver.java:38)
	at io.appium.java_client.AppiumDriver.&lt;init&gt;(AppiumDriver.java:84)
	at io.appium.java_client.AppiumDriver.&lt;init&gt;(AppiumDriver.java:94)
	at io.appium.java_client.android.AndroidDriver.&lt;init&gt;(AndroidDriver.java:80)
	at ucreate.com.ImFootball.Utilities.BrowserInstance.Setup(BrowserInstance.java:24)
	Suppressed: java.io.IOException: Incomplete document
		at com.google.gson.stream.JsonWriter.close(JsonWriter.java:559)
		at org.openqa.selenium.json.JsonOutput.close(JsonOutput.java:38)
		at org.openqa.selenium.remote.NewSessionPayload.writeTo(NewSessionPayload.java:270)
		... 40 more
... Removed 26 stack frames
</div> <!-- stack-trace -->
                  <em>
(Login with invalid details - Email : 'Combimation of Numbers ,Special charcaters and chracters)                  </em>
                </div> <!-- method-content -->
              </div> <!-- method -->
              <div class="method">
                <div class="method-content">
                  <a name="loginInvalidDetails6">
                  </a> <!-- loginInvalidDetails6 -->
                  <span class="method-name">loginInvalidDetails6</span>
                  <div class="stack-trace">java.lang.NoSuchMethodError: org.openqa.selenium.json.JsonOutput.write(Ljava/lang/Object;Ljava/lang/reflect/Type;)Lorg/openqa/selenium/json/JsonOutput;
	at org.openqa.selenium.remote.NewSessionPayload.writeTo(NewSessionPayload.java:247)
	at org.openqa.selenium.remote.ProtocolHandshake.createSession(ProtocolHandshake.java:69)
	at org.openqa.selenium.remote.HttpCommandExecutor.execute(HttpCommandExecutor.java:136)
	at io.appium.java_client.remote.AppiumCommandExecutor.execute(AppiumCommandExecutor.java:129)
	at org.openqa.selenium.remote.RemoteWebDriver.execute(RemoteWebDriver.java:543)
	at io.appium.java_client.DefaultGenericMobileDriver.execute(DefaultGenericMobileDriver.java:42)
	at io.appium.java_client.AppiumDriver.execute(AppiumDriver.java:1)
	at io.appium.java_client.android.AndroidDriver.execute(AndroidDriver.java:1)
	at org.openqa.selenium.remote.RemoteWebDriver.startSession(RemoteWebDriver.java:207)
	at org.openqa.selenium.remote.RemoteWebDriver.&lt;init&gt;(RemoteWebDriver.java:130)
	at io.appium.java_client.DefaultGenericMobileDriver.&lt;init&gt;(DefaultGenericMobileDriver.java:38)
	at io.appium.java_client.AppiumDriver.&lt;init&gt;(AppiumDriver.java:84)
	at io.appium.java_client.AppiumDriver.&lt;init&gt;(AppiumDriver.java:94)
	at io.appium.java_client.android.AndroidDriver.&lt;init&gt;(AndroidDriver.java:80)
	at ucreate.com.ImFootball.Utilities.BrowserInstance.Setup(BrowserInstance.java:24)
	Suppressed: java.io.IOException: Incomplete document
		at com.google.gson.stream.JsonWriter.close(JsonWriter.java:559)
		at org.openqa.selenium.json.JsonOutput.close(JsonOutput.java:38)
		at org.openqa.selenium.remote.NewSessionPayload.writeTo(NewSessionPayload.java:270)
		... 40 more
... Removed 26 stack frames
</div> <!-- stack-trace -->
                  <em>
(Login with invalid details - Email : 'Invalid email Id ')                  </em>
                </div> <!-- method-content -->
              </div> <!-- method -->
              <div class="method">
                <div class="method-content">
                  <a name="loginInvalidDetails7">
                  </a> <!-- loginInvalidDetails7 -->
                  <span class="method-name">loginInvalidDetails7</span>
                  <div class="stack-trace">java.lang.NoSuchMethodError: org.openqa.selenium.json.JsonOutput.write(Ljava/lang/Object;Ljava/lang/reflect/Type;)Lorg/openqa/selenium/json/JsonOutput;
	at org.openqa.selenium.remote.NewSessionPayload.writeTo(NewSessionPayload.java:247)
	at org.openqa.selenium.remote.ProtocolHandshake.createSession(ProtocolHandshake.java:69)
	at org.openqa.selenium.remote.HttpCommandExecutor.execute(HttpCommandExecutor.java:136)
	at io.appium.java_client.remote.AppiumCommandExecutor.execute(AppiumCommandExecutor.java:129)
	at org.openqa.selenium.remote.RemoteWebDriver.execute(RemoteWebDriver.java:543)
	at io.appium.java_client.DefaultGenericMobileDriver.execute(DefaultGenericMobileDriver.java:42)
	at io.appium.java_client.AppiumDriver.execute(AppiumDriver.java:1)
	at io.appium.java_client.android.AndroidDriver.execute(AndroidDriver.java:1)
	at org.openqa.selenium.remote.RemoteWebDriver.startSession(RemoteWebDriver.java:207)
	at org.openqa.selenium.remote.RemoteWebDriver.&lt;init&gt;(RemoteWebDriver.java:130)
	at io.appium.java_client.DefaultGenericMobileDriver.&lt;init&gt;(DefaultGenericMobileDriver.java:38)
	at io.appium.java_client.AppiumDriver.&lt;init&gt;(AppiumDriver.java:84)
	at io.appium.java_client.AppiumDriver.&lt;init&gt;(AppiumDriver.java:94)
	at io.appium.java_client.android.AndroidDriver.&lt;init&gt;(AndroidDriver.java:80)
	at ucreate.com.ImFootball.Utilities.BrowserInstance.Setup(BrowserInstance.java:24)
	Suppressed: java.io.IOException: Incomplete document
		at com.google.gson.stream.JsonWriter.close(JsonWriter.java:559)
		at org.openqa.selenium.json.JsonOutput.close(JsonOutput.java:38)
		at org.openqa.selenium.remote.NewSessionPayload.writeTo(NewSessionPayload.java:270)
		... 40 more
... Removed 26 stack frames
</div> <!-- stack-trace -->
                  <em>
(Login with invalid details - Password : 'Adding captial letters only')                  </em>
                </div> <!-- method-content -->
              </div> <!-- method -->
              <div class="method">
                <div class="method-content">
                  <a name="loginInvalidDetails8">
                  </a> <!-- loginInvalidDetails8 -->
                  <span class="method-name">loginInvalidDetails8</span>
                  <div class="stack-trace">java.lang.NoSuchMethodError: org.openqa.selenium.json.JsonOutput.write(Ljava/lang/Object;Ljava/lang/reflect/Type;)Lorg/openqa/selenium/json/JsonOutput;
	at org.openqa.selenium.remote.NewSessionPayload.writeTo(NewSessionPayload.java:247)
	at org.openqa.selenium.remote.ProtocolHandshake.createSession(ProtocolHandshake.java:69)
	at org.openqa.selenium.remote.HttpCommandExecutor.execute(HttpCommandExecutor.java:136)
	at io.appium.java_client.remote.AppiumCommandExecutor.execute(AppiumCommandExecutor.java:129)
	at org.openqa.selenium.remote.RemoteWebDriver.execute(RemoteWebDriver.java:543)
	at io.appium.java_client.DefaultGenericMobileDriver.execute(DefaultGenericMobileDriver.java:42)
	at io.appium.java_client.AppiumDriver.execute(AppiumDriver.java:1)
	at io.appium.java_client.android.AndroidDriver.execute(AndroidDriver.java:1)
	at org.openqa.selenium.remote.RemoteWebDriver.startSession(RemoteWebDriver.java:207)
	at org.openqa.selenium.remote.RemoteWebDriver.&lt;init&gt;(RemoteWebDriver.java:130)
	at io.appium.java_client.DefaultGenericMobileDriver.&lt;init&gt;(DefaultGenericMobileDriver.java:38)
	at io.appium.java_client.AppiumDriver.&lt;init&gt;(AppiumDriver.java:84)
	at io.appium.java_client.AppiumDriver.&lt;init&gt;(AppiumDriver.java:94)
	at io.appium.java_client.android.AndroidDriver.&lt;init&gt;(AndroidDriver.java:80)
	at ucreate.com.ImFootball.Utilities.BrowserInstance.Setup(BrowserInstance.java:24)
	Suppressed: java.io.IOException: Incomplete document
		at com.google.gson.stream.JsonWriter.close(JsonWriter.java:559)
		at org.openqa.selenium.json.JsonOutput.close(JsonOutput.java:38)
		at org.openqa.selenium.remote.NewSessionPayload.writeTo(NewSessionPayload.java:270)
		... 40 more
... Removed 26 stack frames
</div> <!-- stack-trace -->
                  <em>
(Login with invalid details - Password : 'Adding Numbers only')                  </em>
                </div> <!-- method-content -->
              </div> <!-- method -->
              <div class="method">
                <div class="method-content">
                  <a name="loginInvalidDetails9">
                  </a> <!-- loginInvalidDetails9 -->
                  <span class="method-name">loginInvalidDetails9</span>
                  <div class="stack-trace">java.lang.NoSuchMethodError: org.openqa.selenium.json.JsonOutput.write(Ljava/lang/Object;Ljava/lang/reflect/Type;)Lorg/openqa/selenium/json/JsonOutput;
	at org.openqa.selenium.remote.NewSessionPayload.writeTo(NewSessionPayload.java:247)
	at org.openqa.selenium.remote.ProtocolHandshake.createSession(ProtocolHandshake.java:69)
	at org.openqa.selenium.remote.HttpCommandExecutor.execute(HttpCommandExecutor.java:136)
	at io.appium.java_client.remote.AppiumCommandExecutor.execute(AppiumCommandExecutor.java:129)
	at org.openqa.selenium.remote.RemoteWebDriver.execute(RemoteWebDriver.java:543)
	at io.appium.java_client.DefaultGenericMobileDriver.execute(DefaultGenericMobileDriver.java:42)
	at io.appium.java_client.AppiumDriver.execute(AppiumDriver.java:1)
	at io.appium.java_client.android.AndroidDriver.execute(AndroidDriver.java:1)
	at org.openqa.selenium.remote.RemoteWebDriver.startSession(RemoteWebDriver.java:207)
	at org.openqa.selenium.remote.RemoteWebDriver.&lt;init&gt;(RemoteWebDriver.java:130)
	at io.appium.java_client.DefaultGenericMobileDriver.&lt;init&gt;(DefaultGenericMobileDriver.java:38)
	at io.appium.java_client.AppiumDriver.&lt;init&gt;(AppiumDriver.java:84)
	at io.appium.java_client.AppiumDriver.&lt;init&gt;(AppiumDriver.java:94)
	at io.appium.java_client.android.AndroidDriver.&lt;init&gt;(AndroidDriver.java:80)
	at ucreate.com.ImFootball.Utilities.BrowserInstance.Setup(BrowserInstance.java:24)
	Suppressed: java.io.IOException: Incomplete document
		at com.google.gson.stream.JsonWriter.close(JsonWriter.java:559)
		at org.openqa.selenium.json.JsonOutput.close(JsonOutput.java:38)
		at org.openqa.selenium.remote.NewSessionPayload.writeTo(NewSessionPayload.java:270)
		... 40 more
... Removed 26 stack frames
</div> <!-- stack-trace -->
                  <em>
(Login with invalid details - Password : 'Adding combination of small letters, number and sepcial characters')                  </em>
                </div> <!-- method-content -->
              </div> <!-- method -->
              <div class="method">
                <div class="method-content">
                  <a name="loginValidDetails">
                  </a> <!-- loginValidDetails -->
                  <span class="method-name">loginValidDetails</span>
                  <div class="stack-trace">java.lang.NoSuchMethodError: org.openqa.selenium.json.JsonOutput.write(Ljava/lang/Object;Ljava/lang/reflect/Type;)Lorg/openqa/selenium/json/JsonOutput;
	at org.openqa.selenium.remote.NewSessionPayload.writeTo(NewSessionPayload.java:247)
	at org.openqa.selenium.remote.ProtocolHandshake.createSession(ProtocolHandshake.java:69)
	at org.openqa.selenium.remote.HttpCommandExecutor.execute(HttpCommandExecutor.java:136)
	at io.appium.java_client.remote.AppiumCommandExecutor.execute(AppiumCommandExecutor.java:129)
	at org.openqa.selenium.remote.RemoteWebDriver.execute(RemoteWebDriver.java:543)
	at io.appium.java_client.DefaultGenericMobileDriver.execute(DefaultGenericMobileDriver.java:42)
	at io.appium.java_client.AppiumDriver.execute(AppiumDriver.java:1)
	at io.appium.java_client.android.AndroidDriver.execute(AndroidDriver.java:1)
	at org.openqa.selenium.remote.RemoteWebDriver.startSession(RemoteWebDriver.java:207)
	at org.openqa.selenium.remote.RemoteWebDriver.&lt;init&gt;(RemoteWebDriver.java:130)
	at io.appium.java_client.DefaultGenericMobileDriver.&lt;init&gt;(DefaultGenericMobileDriver.java:38)
	at io.appium.java_client.AppiumDriver.&lt;init&gt;(AppiumDriver.java:84)
	at io.appium.java_client.AppiumDriver.&lt;init&gt;(AppiumDriver.java:94)
	at io.appium.java_client.android.AndroidDriver.&lt;init&gt;(AndroidDriver.java:80)
	at ucreate.com.ImFootball.Utilities.BrowserInstance.Setup(BrowserInstance.java:24)
	Suppressed: java.io.IOException: Incomplete document
		at com.google.gson.stream.JsonWriter.close(JsonWriter.java:559)
		at org.openqa.selenium.json.JsonOutput.close(JsonOutput.java:38)
		at org.openqa.selenium.remote.NewSessionPayload.writeTo(NewSessionPayload.java:270)
		... 40 more
... Removed 26 stack frames
</div> <!-- stack-trace -->
                  <em>
(Login with valid details - Email : 'Valid Details')                  </em>
                </div> <!-- method-content -->
              </div> <!-- method -->
              <div class="method">
                <div class="method-content">
                  <a name="loginwithFB">
                  </a> <!-- loginwithFB -->
                  <span class="method-name">loginwithFB</span>
                  <div class="stack-trace">java.lang.NoSuchMethodError: org.openqa.selenium.json.JsonOutput.write(Ljava/lang/Object;Ljava/lang/reflect/Type;)Lorg/openqa/selenium/json/JsonOutput;
	at org.openqa.selenium.remote.NewSessionPayload.writeTo(NewSessionPayload.java:247)
	at org.openqa.selenium.remote.ProtocolHandshake.createSession(ProtocolHandshake.java:69)
	at org.openqa.selenium.remote.HttpCommandExecutor.execute(HttpCommandExecutor.java:136)
	at io.appium.java_client.remote.AppiumCommandExecutor.execute(AppiumCommandExecutor.java:129)
	at org.openqa.selenium.remote.RemoteWebDriver.execute(RemoteWebDriver.java:543)
	at io.appium.java_client.DefaultGenericMobileDriver.execute(DefaultGenericMobileDriver.java:42)
	at io.appium.java_client.AppiumDriver.execute(AppiumDriver.java:1)
	at io.appium.java_client.android.AndroidDriver.execute(AndroidDriver.java:1)
	at org.openqa.selenium.remote.RemoteWebDriver.startSession(RemoteWebDriver.java:207)
	at org.openqa.selenium.remote.RemoteWebDriver.&lt;init&gt;(RemoteWebDriver.java:130)
	at io.appium.java_client.DefaultGenericMobileDriver.&lt;init&gt;(DefaultGenericMobileDriver.java:38)
	at io.appium.java_client.AppiumDriver.&lt;init&gt;(AppiumDriver.java:84)
	at io.appium.java_client.AppiumDriver.&lt;init&gt;(AppiumDriver.java:94)
	at io.appium.java_client.android.AndroidDriver.&lt;init&gt;(AndroidDriver.java:80)
	at ucreate.com.ImFootball.Utilities.BrowserInstance.Setup(BrowserInstance.java:24)
	Suppressed: java.io.IOException: Incomplete document
		at com.google.gson.stream.JsonWriter.close(JsonWriter.java:559)
		at org.openqa.selenium.json.JsonOutput.close(JsonOutput.java:38)
		at org.openqa.selenium.remote.NewSessionPayload.writeTo(NewSessionPayload.java:270)
		... 40 more
... Removed 26 stack frames
</div> <!-- stack-trace -->
                  <em>
(Adding FB Login creadentials)                  </em>
                </div> <!-- method-content -->
              </div> <!-- method -->
              <div class="method">
                <div class="method-content">
                  <a name="tabOnLoginwithFacebook">
                  </a> <!-- tabOnLoginwithFacebook -->
                  <span class="method-name">tabOnLoginwithFacebook</span>
                  <div class="stack-trace">java.lang.NoSuchMethodError: org.openqa.selenium.json.JsonOutput.write(Ljava/lang/Object;Ljava/lang/reflect/Type;)Lorg/openqa/selenium/json/JsonOutput;
	at org.openqa.selenium.remote.NewSessionPayload.writeTo(NewSessionPayload.java:247)
	at org.openqa.selenium.remote.ProtocolHandshake.createSession(ProtocolHandshake.java:69)
	at org.openqa.selenium.remote.HttpCommandExecutor.execute(HttpCommandExecutor.java:136)
	at io.appium.java_client.remote.AppiumCommandExecutor.execute(AppiumCommandExecutor.java:129)
	at org.openqa.selenium.remote.RemoteWebDriver.execute(RemoteWebDriver.java:543)
	at io.appium.java_client.DefaultGenericMobileDriver.execute(DefaultGenericMobileDriver.java:42)
	at io.appium.java_client.AppiumDriver.execute(AppiumDriver.java:1)
	at io.appium.java_client.android.AndroidDriver.execute(AndroidDriver.java:1)
	at org.openqa.selenium.remote.RemoteWebDriver.startSession(RemoteWebDriver.java:207)
	at org.openqa.selenium.remote.RemoteWebDriver.&lt;init&gt;(RemoteWebDriver.java:130)
	at io.appium.java_client.DefaultGenericMobileDriver.&lt;init&gt;(DefaultGenericMobileDriver.java:38)
	at io.appium.java_client.AppiumDriver.&lt;init&gt;(AppiumDriver.java:84)
	at io.appium.java_client.AppiumDriver.&lt;init&gt;(AppiumDriver.java:94)
	at io.appium.java_client.android.AndroidDriver.&lt;init&gt;(AndroidDriver.java:80)
	at ucreate.com.ImFootball.Utilities.BrowserInstance.Setup(BrowserInstance.java:24)
	Suppressed: java.io.IOException: Incomplete document
		at com.google.gson.stream.JsonWriter.close(JsonWriter.java:559)
		at org.openqa.selenium.json.JsonOutput.close(JsonOutput.java:38)
		at org.openqa.selenium.remote.NewSessionPayload.writeTo(NewSessionPayload.java:270)
		... 40 more
... Removed 26 stack frames
</div> <!-- stack-trace -->
                  <em>
(Tab on 'Login with Facebook' button)                  </em>
                </div> <!-- method-content -->
              </div> <!-- method -->
            </div> <!-- main-panel-content rounded-window-bottom -->
          </div> <!-- suite-Suite-class-skipped -->
        </div> <!-- panel Suite -->
        <div panel-name="test-xml-Suite" class="panel">
          <div class="main-panel-header rounded-window-top">
            <span class="header-content">/home/hp/eclipse-workspace/ImFootball/src/main/resources/login.xml</span>
          </div> <!-- main-panel-header rounded-window-top -->
          <div class="main-panel-content rounded-window-bottom">
            <pre>
&lt;?xml version=&quot;1.0&quot; encoding=&quot;UTF-8&quot;?&gt;
&lt;!DOCTYPE suite SYSTEM &quot;http://testng.org/testng-1.0.dtd&quot;&gt;
&lt;suite guice-stage=&quot;DEVELOPMENT&quot; verbose=&quot;0&quot; name=&quot;Suite&quot;&gt;
  &lt;test name=&quot;aboutpage of cgsm&quot;&gt;
    &lt;classes&gt;
      &lt;class name=&quot;ucreate.com.ImFootball.Utilities.BrowserInstance&quot;/&gt;
      &lt;class name=&quot;ucreate.com.ImFootball.Login.LoginTest&quot;&gt;
        &lt;methods&gt;
          &lt;include name=&quot;clickOnLoginButton&quot;/&gt;
          &lt;include name=&quot;loginInvalidDeatils1&quot;/&gt;
          &lt;include name=&quot;loginInvalidDetails2&quot;/&gt;
          &lt;include name=&quot;loginInvalidDetails3&quot;/&gt;
          &lt;include name=&quot;loginInvalidDetails4&quot;/&gt;
          &lt;include name=&quot;loginInvalidDetails5&quot;/&gt;
          &lt;include name=&quot;loginInvalidDetails6&quot;/&gt;
          &lt;include name=&quot;loginInvalidDetails7&quot;/&gt;
          &lt;include name=&quot;loginInvalidDetails8&quot;/&gt;
          &lt;include name=&quot;loginInvalidDetails9&quot;/&gt;
          &lt;include name=&quot;loginInvalidDetails10&quot;/&gt;
          &lt;include name=&quot;loginInvalidDetails11&quot;/&gt;
          &lt;include name=&quot;loginValidDetails&quot;/&gt;
          &lt;include name=&quot;Signout&quot;/&gt;
          &lt;include name=&quot;tabOnLoginwithFacebook&quot;/&gt;
          &lt;include name=&quot;loginwithFB&quot;/&gt;
          &lt;include name=&quot;createAnAccount&quot;/&gt;
        &lt;/methods&gt;
      &lt;/class&gt; &lt;!-- ucreate.com.ImFootball.Login.LoginTest --&gt;
    &lt;/classes&gt;
  &lt;/test&gt; &lt;!-- aboutpage of cgsm --&gt;
&lt;/suite&gt; &lt;!-- Suite --&gt;
            </pre>
          </div> <!-- main-panel-content rounded-window-bottom -->
        </div> <!-- panel -->
        <div panel-name="testlist-Suite" class="panel">
          <div class="main-panel-header rounded-window-top">
            <span class="header-content">Tests for Suite</span>
          </div> <!-- main-panel-header rounded-window-top -->
          <div class="main-panel-content rounded-window-bottom">
            <ul>
              <li>
                <span class="test-name">aboutpage of cgsm (2 classes)</span>
              </li>
            </ul>
          </div> <!-- main-panel-content rounded-window-bottom -->
        </div> <!-- panel -->
        <div panel-name="group-Suite" class="panel">
          <div class="main-panel-header rounded-window-top">
            <span class="header-content">Groups for Suite</span>
          </div> <!-- main-panel-header rounded-window-top -->
          <div class="main-panel-content rounded-window-bottom">
          </div> <!-- main-panel-content rounded-window-bottom -->
        </div> <!-- panel -->
        <div panel-name="times-Suite" class="panel">
          <div class="main-panel-header rounded-window-top">
            <span class="header-content">Times for Suite</span>
          </div> <!-- main-panel-header rounded-window-top -->
          <div class="main-panel-content rounded-window-bottom">
            <div class="times-div">
              <script type="text/javascript">
suiteTableInitFunctions.push('tableData_Suite');
function tableData_Suite() {
var data = new google.visualization.DataTable();
data.addColumn('number', 'Number');
data.addColumn('string', 'Method');
data.addColumn('string', 'Class');
data.addColumn('number', 'Time (ms)');
data.addRows(17);
data.setCell(0, 0, 0)
data.setCell(0, 1, 'loginInvalidDetails2')
data.setCell(0, 2, 'ucreate.com.ImFootball.Login.LoginTest')
data.setCell(0, 3, 0);
data.setCell(1, 0, 1)
data.setCell(1, 1, 'loginValidDetails')
data.setCell(1, 2, 'ucreate.com.ImFootball.Login.LoginTest')
data.setCell(1, 3, 0);
data.setCell(2, 0, 2)
data.setCell(2, 1, 'loginInvalidDetails10')
data.setCell(2, 2, 'ucreate.com.ImFootball.Login.LoginTest')
data.setCell(2, 3, 0);
data.setCell(3, 0, 3)
data.setCell(3, 1, 'createAnAccount')
data.setCell(3, 2, 'ucreate.com.ImFootball.Login.LoginTest')
data.setCell(3, 3, 0);
data.setCell(4, 0, 4)
data.setCell(4, 1, 'Signout')
data.setCell(4, 2, 'ucreate.com.ImFootball.Login.LoginTest')
data.setCell(4, 3, 0);
data.setCell(5, 0, 5)
data.setCell(5, 1, 'loginInvalidDetails4')
data.setCell(5, 2, 'ucreate.com.ImFootball.Login.LoginTest')
data.setCell(5, 3, 0);
data.setCell(6, 0, 6)
data.setCell(6, 1, 'loginInvalidDeatils1')
data.setCell(6, 2, 'ucreate.com.ImFootball.Login.LoginTest')
data.setCell(6, 3, 0);
data.setCell(7, 0, 7)
data.setCell(7, 1, 'tabOnLoginwithFacebook')
data.setCell(7, 2, 'ucreate.com.ImFootball.Login.LoginTest')
data.setCell(7, 3, 0);
data.setCell(8, 0, 8)
data.setCell(8, 1, 'loginwithFB')
data.setCell(8, 2, 'ucreate.com.ImFootball.Login.LoginTest')
data.setCell(8, 3, 0);
data.setCell(9, 0, 9)
data.setCell(9, 1, 'loginInvalidDetails5')
data.setCell(9, 2, 'ucreate.com.ImFootball.Login.LoginTest')
data.setCell(9, 3, 0);
data.setCell(10, 0, 10)
data.setCell(10, 1, 'loginInvalidDetails9')
data.setCell(10, 2, 'ucreate.com.ImFootball.Login.LoginTest')
data.setCell(10, 3, 0);
data.setCell(11, 0, 11)
data.setCell(11, 1, 'loginInvalidDetails8')
data.setCell(11, 2, 'ucreate.com.ImFootball.Login.LoginTest')
data.setCell(11, 3, 0);
data.setCell(12, 0, 12)
data.setCell(12, 1, 'loginInvalidDetails11')
data.setCell(12, 2, 'ucreate.com.ImFootball.Login.LoginTest')
data.setCell(12, 3, 0);
data.setCell(13, 0, 13)
data.setCell(13, 1, 'loginInvalidDetails6')
data.setCell(13, 2, 'ucreate.com.ImFootball.Login.LoginTest')
data.setCell(13, 3, 0);
data.setCell(14, 0, 14)
data.setCell(14, 1, 'loginInvalidDetails3')
data.setCell(14, 2, 'ucreate.com.ImFootball.Login.LoginTest')
data.setCell(14, 3, 0);
data.setCell(15, 0, 15)
data.setCell(15, 1, 'clickOnLoginButton')
data.setCell(15, 2, 'ucreate.com.ImFootball.Login.LoginTest')
data.setCell(15, 3, 0);
data.setCell(16, 0, 16)
data.setCell(16, 1, 'loginInvalidDetails7')
data.setCell(16, 2, 'ucreate.com.ImFootball.Login.LoginTest')
data.setCell(16, 3, 0);
window.suiteTableData['Suite']= { tableData: data, tableDiv: 'times-div-Suite'}
return data;
}
              </script>
              <span class="suite-total-time">Total running time: 0 ms</span>
              <div id="times-div-Suite">
              </div> <!-- times-div-Suite -->
            </div> <!-- times-div -->
          </div> <!-- main-panel-content rounded-window-bottom -->
        </div> <!-- panel -->
        <div panel-name="reporter-Suite" class="panel">
          <div class="main-panel-header rounded-window-top">
            <span class="header-content">Reporter output for Suite</span>
          </div> <!-- main-panel-header rounded-window-top -->
          <div class="main-panel-content rounded-window-bottom">
          </div> <!-- main-panel-content rounded-window-bottom -->
        </div> <!-- panel -->
        <div panel-name="ignored-methods-Suite" class="panel">
          <div class="main-panel-header rounded-window-top">
            <span class="header-content">0 ignored methods</span>
          </div> <!-- main-panel-header rounded-window-top -->
          <div class="main-panel-content rounded-window-bottom">
          </div> <!-- main-panel-content rounded-window-bottom -->
        </div> <!-- panel -->
        <div panel-name="chronological-Suite" class="panel">
          <div class="main-panel-header rounded-window-top">
            <span class="header-content">Methods in chronological order</span>
          </div> <!-- main-panel-header rounded-window-top -->
          <div class="main-panel-content rounded-window-bottom">
            <div class="chronological-class">
              <div class="chronological-class-name">ucreate.com.ImFootball.Utilities.BrowserInstance</div> <!-- chronological-class-name -->
              <div class="configuration-test before">
                <img src="failed.png">
                </img>
                <span class="method-name">Setup</span>
                <span class="method-start">0 ms</span>
              </div> <!-- configuration-test before -->
            </div> <!-- chronological-class -->
            <div class="chronological-class">
              <div class="chronological-class-name">ucreate.com.ImFootball.Login.LoginTest</div> <!-- chronological-class-name -->
              <div class="test-method">
                <span class="method-name">clickOnLoginButton</span>
                <span class="method-start">329 ms</span>
              </div> <!-- test-method -->
              <div class="test-method">
                <span class="method-name">loginInvalidDeatils1</span>
                <span class="method-start">330 ms</span>
              </div> <!-- test-method -->
              <div class="test-method">
                <span class="method-name">loginInvalidDetails2</span>
                <span class="method-start">330 ms</span>
              </div> <!-- test-method -->
              <div class="test-method">
                <span class="method-name">loginInvalidDetails3</span>
                <span class="method-start">330 ms</span>
              </div> <!-- test-method -->
              <div class="test-method">
                <span class="method-name">loginInvalidDetails4</span>
                <span class="method-start">331 ms</span>
              </div> <!-- test-method -->
              <div class="test-method">
                <span class="method-name">loginInvalidDetails5</span>
                <span class="method-start">331 ms</span>
              </div> <!-- test-method -->
              <div class="test-method">
                <span class="method-name">loginInvalidDetails6</span>
                <span class="method-start">331 ms</span>
              </div> <!-- test-method -->
              <div class="test-method">
                <span class="method-name">loginInvalidDetails7</span>
                <span class="method-start">331 ms</span>
              </div> <!-- test-method -->
              <div class="test-method">
                <span class="method-name">loginInvalidDetails8</span>
                <span class="method-start">332 ms</span>
              </div> <!-- test-method -->
              <div class="test-method">
                <span class="method-name">loginInvalidDetails9</span>
                <span class="method-start">332 ms</span>
              </div> <!-- test-method -->
              <div class="test-method">
                <span class="method-name">loginInvalidDetails10</span>
                <span class="method-start">332 ms</span>
              </div> <!-- test-method -->
              <div class="test-method">
                <span class="method-name">loginInvalidDetails11</span>
                <span class="method-start">332 ms</span>
              </div> <!-- test-method -->
              <div class="test-method">
                <span class="method-name">loginValidDetails</span>
                <span class="method-start">333 ms</span>
              </div> <!-- test-method -->
              <div class="test-method">
                <span class="method-name">Signout</span>
                <span class="method-start">333 ms</span>
              </div> <!-- test-method -->
              <div class="test-method">
                <span class="method-name">tabOnLoginwithFacebook</span>
                <span class="method-start">333 ms</span>
              </div> <!-- test-method -->
              <div class="test-method">
                <span class="method-name">loginwithFB</span>
                <span class="method-start">333 ms</span>
              </div> <!-- test-method -->
              <div class="test-method">
                <span class="method-name">createAnAccount</span>
                <span class="method-start">334 ms</span>
              </div> <!-- test-method -->
          </div> <!-- main-panel-content rounded-window-bottom -->
        </div> <!-- panel -->
      </div> <!-- main-panel-root -->
    </div> <!-- wrapper -->
  </body>
</html>
